ARM GAS  C:\Users\Nathan\AppData\Local\Temp\cc09Fs34.s 			page 1


   1              		.cpu cortex-m0plus
   2              		.arch armv6s-m
   3              		.fpu softvfp
   4              		.eabi_attribute 20, 1
   5              		.eabi_attribute 21, 1
   6              		.eabi_attribute 23, 3
   7              		.eabi_attribute 24, 1
   8              		.eabi_attribute 25, 1
   9              		.eabi_attribute 26, 1
  10              		.eabi_attribute 30, 1
  11              		.eabi_attribute 34, 0
  12              		.eabi_attribute 18, 4
  13              		.file	"stm32l0xx_ll_pwr.c"
  14              		.text
  15              	.Ltext0:
  16              		.cfi_sections	.debug_frame
  17              		.section	.text.LL_PWR_DeInit,"ax",%progbits
  18              		.align	1
  19              		.global	LL_PWR_DeInit
  20              		.syntax unified
  21              		.code	16
  22              		.thumb_func
  24              	LL_PWR_DeInit:
  25              	.LFB114:
  26              		.file 1 "Drivers/STM32L0xx_HAL_Driver/Src/stm32l0xx_ll_pwr.c"
   1:Drivers/STM32L0xx_HAL_Driver/Src/stm32l0xx_ll_pwr.c **** /**
   2:Drivers/STM32L0xx_HAL_Driver/Src/stm32l0xx_ll_pwr.c ****   ******************************************************************************
   3:Drivers/STM32L0xx_HAL_Driver/Src/stm32l0xx_ll_pwr.c ****   * @file    stm32l0xx_ll_pwr.c
   4:Drivers/STM32L0xx_HAL_Driver/Src/stm32l0xx_ll_pwr.c ****   * @author  MCD Application Team
   5:Drivers/STM32L0xx_HAL_Driver/Src/stm32l0xx_ll_pwr.c ****   * @brief   PWR LL module driver.
   6:Drivers/STM32L0xx_HAL_Driver/Src/stm32l0xx_ll_pwr.c ****   ******************************************************************************
   7:Drivers/STM32L0xx_HAL_Driver/Src/stm32l0xx_ll_pwr.c ****   * @attention
   8:Drivers/STM32L0xx_HAL_Driver/Src/stm32l0xx_ll_pwr.c ****   *
   9:Drivers/STM32L0xx_HAL_Driver/Src/stm32l0xx_ll_pwr.c ****   * Copyright (c) 2016 STMicroelectronics.
  10:Drivers/STM32L0xx_HAL_Driver/Src/stm32l0xx_ll_pwr.c ****   * All rights reserved.
  11:Drivers/STM32L0xx_HAL_Driver/Src/stm32l0xx_ll_pwr.c ****   *
  12:Drivers/STM32L0xx_HAL_Driver/Src/stm32l0xx_ll_pwr.c ****   * This software is licensed under terms that can be found in the LICENSE file
  13:Drivers/STM32L0xx_HAL_Driver/Src/stm32l0xx_ll_pwr.c ****   * in the root directory of this software component.
  14:Drivers/STM32L0xx_HAL_Driver/Src/stm32l0xx_ll_pwr.c ****   * If no LICENSE file comes with this software, it is provided AS-IS.
  15:Drivers/STM32L0xx_HAL_Driver/Src/stm32l0xx_ll_pwr.c ****   *
  16:Drivers/STM32L0xx_HAL_Driver/Src/stm32l0xx_ll_pwr.c ****   ******************************************************************************
  17:Drivers/STM32L0xx_HAL_Driver/Src/stm32l0xx_ll_pwr.c ****   */
  18:Drivers/STM32L0xx_HAL_Driver/Src/stm32l0xx_ll_pwr.c **** #if defined(USE_FULL_LL_DRIVER)
  19:Drivers/STM32L0xx_HAL_Driver/Src/stm32l0xx_ll_pwr.c **** 
  20:Drivers/STM32L0xx_HAL_Driver/Src/stm32l0xx_ll_pwr.c **** /* Includes ------------------------------------------------------------------*/
  21:Drivers/STM32L0xx_HAL_Driver/Src/stm32l0xx_ll_pwr.c **** #include "stm32l0xx_ll_pwr.h"
  22:Drivers/STM32L0xx_HAL_Driver/Src/stm32l0xx_ll_pwr.c **** #include "stm32l0xx_ll_bus.h"
  23:Drivers/STM32L0xx_HAL_Driver/Src/stm32l0xx_ll_pwr.c **** 
  24:Drivers/STM32L0xx_HAL_Driver/Src/stm32l0xx_ll_pwr.c **** /** @addtogroup STM32L0xx_LL_Driver
  25:Drivers/STM32L0xx_HAL_Driver/Src/stm32l0xx_ll_pwr.c ****   * @{
  26:Drivers/STM32L0xx_HAL_Driver/Src/stm32l0xx_ll_pwr.c ****   */
  27:Drivers/STM32L0xx_HAL_Driver/Src/stm32l0xx_ll_pwr.c **** 
  28:Drivers/STM32L0xx_HAL_Driver/Src/stm32l0xx_ll_pwr.c **** #if defined(PWR)
  29:Drivers/STM32L0xx_HAL_Driver/Src/stm32l0xx_ll_pwr.c **** 
  30:Drivers/STM32L0xx_HAL_Driver/Src/stm32l0xx_ll_pwr.c **** /** @defgroup PWR_LL PWR
  31:Drivers/STM32L0xx_HAL_Driver/Src/stm32l0xx_ll_pwr.c ****   * @{
  32:Drivers/STM32L0xx_HAL_Driver/Src/stm32l0xx_ll_pwr.c ****   */
ARM GAS  C:\Users\Nathan\AppData\Local\Temp\cc09Fs34.s 			page 2


  33:Drivers/STM32L0xx_HAL_Driver/Src/stm32l0xx_ll_pwr.c **** 
  34:Drivers/STM32L0xx_HAL_Driver/Src/stm32l0xx_ll_pwr.c **** /* Private types -------------------------------------------------------------*/
  35:Drivers/STM32L0xx_HAL_Driver/Src/stm32l0xx_ll_pwr.c **** /* Private variables ---------------------------------------------------------*/
  36:Drivers/STM32L0xx_HAL_Driver/Src/stm32l0xx_ll_pwr.c **** /* Private constants ---------------------------------------------------------*/
  37:Drivers/STM32L0xx_HAL_Driver/Src/stm32l0xx_ll_pwr.c **** /* Private macros ------------------------------------------------------------*/
  38:Drivers/STM32L0xx_HAL_Driver/Src/stm32l0xx_ll_pwr.c **** /* Private function prototypes -----------------------------------------------*/
  39:Drivers/STM32L0xx_HAL_Driver/Src/stm32l0xx_ll_pwr.c **** 
  40:Drivers/STM32L0xx_HAL_Driver/Src/stm32l0xx_ll_pwr.c **** /* Exported functions --------------------------------------------------------*/
  41:Drivers/STM32L0xx_HAL_Driver/Src/stm32l0xx_ll_pwr.c **** /** @addtogroup PWR_LL_Exported_Functions
  42:Drivers/STM32L0xx_HAL_Driver/Src/stm32l0xx_ll_pwr.c ****   * @{
  43:Drivers/STM32L0xx_HAL_Driver/Src/stm32l0xx_ll_pwr.c ****   */
  44:Drivers/STM32L0xx_HAL_Driver/Src/stm32l0xx_ll_pwr.c **** 
  45:Drivers/STM32L0xx_HAL_Driver/Src/stm32l0xx_ll_pwr.c **** /** @addtogroup PWR_LL_EF_Init
  46:Drivers/STM32L0xx_HAL_Driver/Src/stm32l0xx_ll_pwr.c ****   * @{
  47:Drivers/STM32L0xx_HAL_Driver/Src/stm32l0xx_ll_pwr.c ****   */
  48:Drivers/STM32L0xx_HAL_Driver/Src/stm32l0xx_ll_pwr.c **** 
  49:Drivers/STM32L0xx_HAL_Driver/Src/stm32l0xx_ll_pwr.c **** /**
  50:Drivers/STM32L0xx_HAL_Driver/Src/stm32l0xx_ll_pwr.c ****   * @brief  De-initialize the PWR registers to their default reset values.
  51:Drivers/STM32L0xx_HAL_Driver/Src/stm32l0xx_ll_pwr.c ****   * @retval An ErrorStatus enumeration value:
  52:Drivers/STM32L0xx_HAL_Driver/Src/stm32l0xx_ll_pwr.c ****   *          - SUCCESS: PWR registers are de-initialized
  53:Drivers/STM32L0xx_HAL_Driver/Src/stm32l0xx_ll_pwr.c ****   *          - ERROR: not applicable
  54:Drivers/STM32L0xx_HAL_Driver/Src/stm32l0xx_ll_pwr.c ****   */
  55:Drivers/STM32L0xx_HAL_Driver/Src/stm32l0xx_ll_pwr.c **** ErrorStatus LL_PWR_DeInit(void)
  56:Drivers/STM32L0xx_HAL_Driver/Src/stm32l0xx_ll_pwr.c **** {
  27              		.loc 1 56 1 view -0
  28              		.cfi_startproc
  29              		@ args = 0, pretend = 0, frame = 0
  30              		@ frame_needed = 0, uses_anonymous_args = 0
  31              		@ link register save eliminated.
  57:Drivers/STM32L0xx_HAL_Driver/Src/stm32l0xx_ll_pwr.c ****   /* Force reset of PWR clock */
  58:Drivers/STM32L0xx_HAL_Driver/Src/stm32l0xx_ll_pwr.c ****   LL_APB1_GRP1_ForceReset(LL_APB1_GRP1_PERIPH_PWR);
  32              		.loc 1 58 3 view .LVU1
  33              	.LVL0:
  34              	.LBB6:
  35              	.LBI6:
  36              		.file 2 "Drivers/STM32L0xx_HAL_Driver/Inc/stm32l0xx_ll_bus.h"
   1:Drivers/STM32L0xx_HAL_Driver/Inc/stm32l0xx_ll_bus.h **** /**
   2:Drivers/STM32L0xx_HAL_Driver/Inc/stm32l0xx_ll_bus.h ****   ******************************************************************************
   3:Drivers/STM32L0xx_HAL_Driver/Inc/stm32l0xx_ll_bus.h ****   * @file    stm32l0xx_ll_bus.h
   4:Drivers/STM32L0xx_HAL_Driver/Inc/stm32l0xx_ll_bus.h ****   * @author  MCD Application Team
   5:Drivers/STM32L0xx_HAL_Driver/Inc/stm32l0xx_ll_bus.h ****   * @brief   Header file of BUS LL module.
   6:Drivers/STM32L0xx_HAL_Driver/Inc/stm32l0xx_ll_bus.h **** 
   7:Drivers/STM32L0xx_HAL_Driver/Inc/stm32l0xx_ll_bus.h ****   @verbatim
   8:Drivers/STM32L0xx_HAL_Driver/Inc/stm32l0xx_ll_bus.h ****                       ##### RCC Limitations #####
   9:Drivers/STM32L0xx_HAL_Driver/Inc/stm32l0xx_ll_bus.h ****   ==============================================================================
  10:Drivers/STM32L0xx_HAL_Driver/Inc/stm32l0xx_ll_bus.h ****     [..]
  11:Drivers/STM32L0xx_HAL_Driver/Inc/stm32l0xx_ll_bus.h ****       A delay between an RCC peripheral clock enable and the effective peripheral
  12:Drivers/STM32L0xx_HAL_Driver/Inc/stm32l0xx_ll_bus.h ****       enabling should be taken into account in order to manage the peripheral read/write
  13:Drivers/STM32L0xx_HAL_Driver/Inc/stm32l0xx_ll_bus.h ****       from/to registers.
  14:Drivers/STM32L0xx_HAL_Driver/Inc/stm32l0xx_ll_bus.h ****       (+) This delay depends on the peripheral mapping.
  15:Drivers/STM32L0xx_HAL_Driver/Inc/stm32l0xx_ll_bus.h ****         (++) AHB & APB peripherals, 1 dummy read is necessary
  16:Drivers/STM32L0xx_HAL_Driver/Inc/stm32l0xx_ll_bus.h **** 
  17:Drivers/STM32L0xx_HAL_Driver/Inc/stm32l0xx_ll_bus.h ****     [..]
  18:Drivers/STM32L0xx_HAL_Driver/Inc/stm32l0xx_ll_bus.h ****       Workarounds:
  19:Drivers/STM32L0xx_HAL_Driver/Inc/stm32l0xx_ll_bus.h ****       (#) For AHB & APB peripherals, a dummy read to the peripheral register has been
  20:Drivers/STM32L0xx_HAL_Driver/Inc/stm32l0xx_ll_bus.h ****           inserted in each LL_{BUS}_GRP{x}_EnableClock() function.
  21:Drivers/STM32L0xx_HAL_Driver/Inc/stm32l0xx_ll_bus.h **** 
ARM GAS  C:\Users\Nathan\AppData\Local\Temp\cc09Fs34.s 			page 3


  22:Drivers/STM32L0xx_HAL_Driver/Inc/stm32l0xx_ll_bus.h ****   @endverbatim
  23:Drivers/STM32L0xx_HAL_Driver/Inc/stm32l0xx_ll_bus.h ****   ******************************************************************************
  24:Drivers/STM32L0xx_HAL_Driver/Inc/stm32l0xx_ll_bus.h ****   * @attention
  25:Drivers/STM32L0xx_HAL_Driver/Inc/stm32l0xx_ll_bus.h ****   *
  26:Drivers/STM32L0xx_HAL_Driver/Inc/stm32l0xx_ll_bus.h ****   * Copyright (c) 2016 STMicroelectronics.
  27:Drivers/STM32L0xx_HAL_Driver/Inc/stm32l0xx_ll_bus.h ****   * All rights reserved.
  28:Drivers/STM32L0xx_HAL_Driver/Inc/stm32l0xx_ll_bus.h ****   *
  29:Drivers/STM32L0xx_HAL_Driver/Inc/stm32l0xx_ll_bus.h ****   * This software is licensed under terms that can be found in the LICENSE file in
  30:Drivers/STM32L0xx_HAL_Driver/Inc/stm32l0xx_ll_bus.h ****   * the root directory of this software component.
  31:Drivers/STM32L0xx_HAL_Driver/Inc/stm32l0xx_ll_bus.h ****   * If no LICENSE file comes with this software, it is provided AS-IS.
  32:Drivers/STM32L0xx_HAL_Driver/Inc/stm32l0xx_ll_bus.h ****   ******************************************************************************
  33:Drivers/STM32L0xx_HAL_Driver/Inc/stm32l0xx_ll_bus.h ****   */
  34:Drivers/STM32L0xx_HAL_Driver/Inc/stm32l0xx_ll_bus.h **** 
  35:Drivers/STM32L0xx_HAL_Driver/Inc/stm32l0xx_ll_bus.h **** /* Define to prevent recursive inclusion -------------------------------------*/
  36:Drivers/STM32L0xx_HAL_Driver/Inc/stm32l0xx_ll_bus.h **** #ifndef __STM32L0xx_LL_BUS_H
  37:Drivers/STM32L0xx_HAL_Driver/Inc/stm32l0xx_ll_bus.h **** #define __STM32L0xx_LL_BUS_H
  38:Drivers/STM32L0xx_HAL_Driver/Inc/stm32l0xx_ll_bus.h **** 
  39:Drivers/STM32L0xx_HAL_Driver/Inc/stm32l0xx_ll_bus.h **** #ifdef __cplusplus
  40:Drivers/STM32L0xx_HAL_Driver/Inc/stm32l0xx_ll_bus.h **** extern "C" {
  41:Drivers/STM32L0xx_HAL_Driver/Inc/stm32l0xx_ll_bus.h **** #endif
  42:Drivers/STM32L0xx_HAL_Driver/Inc/stm32l0xx_ll_bus.h **** 
  43:Drivers/STM32L0xx_HAL_Driver/Inc/stm32l0xx_ll_bus.h **** /* Includes ------------------------------------------------------------------*/
  44:Drivers/STM32L0xx_HAL_Driver/Inc/stm32l0xx_ll_bus.h **** #include "stm32l0xx.h"
  45:Drivers/STM32L0xx_HAL_Driver/Inc/stm32l0xx_ll_bus.h **** 
  46:Drivers/STM32L0xx_HAL_Driver/Inc/stm32l0xx_ll_bus.h **** /** @addtogroup STM32L0xx_LL_Driver
  47:Drivers/STM32L0xx_HAL_Driver/Inc/stm32l0xx_ll_bus.h ****   * @{
  48:Drivers/STM32L0xx_HAL_Driver/Inc/stm32l0xx_ll_bus.h ****   */
  49:Drivers/STM32L0xx_HAL_Driver/Inc/stm32l0xx_ll_bus.h **** 
  50:Drivers/STM32L0xx_HAL_Driver/Inc/stm32l0xx_ll_bus.h **** #if defined(RCC)
  51:Drivers/STM32L0xx_HAL_Driver/Inc/stm32l0xx_ll_bus.h **** 
  52:Drivers/STM32L0xx_HAL_Driver/Inc/stm32l0xx_ll_bus.h **** /** @defgroup BUS_LL BUS
  53:Drivers/STM32L0xx_HAL_Driver/Inc/stm32l0xx_ll_bus.h ****   * @{
  54:Drivers/STM32L0xx_HAL_Driver/Inc/stm32l0xx_ll_bus.h ****   */
  55:Drivers/STM32L0xx_HAL_Driver/Inc/stm32l0xx_ll_bus.h **** 
  56:Drivers/STM32L0xx_HAL_Driver/Inc/stm32l0xx_ll_bus.h **** /* Private types -------------------------------------------------------------*/
  57:Drivers/STM32L0xx_HAL_Driver/Inc/stm32l0xx_ll_bus.h **** /* Private variables ---------------------------------------------------------*/
  58:Drivers/STM32L0xx_HAL_Driver/Inc/stm32l0xx_ll_bus.h **** 
  59:Drivers/STM32L0xx_HAL_Driver/Inc/stm32l0xx_ll_bus.h **** /* Private constants ---------------------------------------------------------*/
  60:Drivers/STM32L0xx_HAL_Driver/Inc/stm32l0xx_ll_bus.h **** 
  61:Drivers/STM32L0xx_HAL_Driver/Inc/stm32l0xx_ll_bus.h **** /* Private macros ------------------------------------------------------------*/
  62:Drivers/STM32L0xx_HAL_Driver/Inc/stm32l0xx_ll_bus.h **** 
  63:Drivers/STM32L0xx_HAL_Driver/Inc/stm32l0xx_ll_bus.h **** /* Exported types ------------------------------------------------------------*/
  64:Drivers/STM32L0xx_HAL_Driver/Inc/stm32l0xx_ll_bus.h **** /* Exported constants --------------------------------------------------------*/
  65:Drivers/STM32L0xx_HAL_Driver/Inc/stm32l0xx_ll_bus.h **** /** @defgroup BUS_LL_Exported_Constants BUS Exported Constants
  66:Drivers/STM32L0xx_HAL_Driver/Inc/stm32l0xx_ll_bus.h ****   * @{
  67:Drivers/STM32L0xx_HAL_Driver/Inc/stm32l0xx_ll_bus.h ****   */
  68:Drivers/STM32L0xx_HAL_Driver/Inc/stm32l0xx_ll_bus.h **** 
  69:Drivers/STM32L0xx_HAL_Driver/Inc/stm32l0xx_ll_bus.h **** /** @defgroup BUS_LL_EC_AHB1_GRP1_PERIPH  AHB1 GRP1 PERIPH
  70:Drivers/STM32L0xx_HAL_Driver/Inc/stm32l0xx_ll_bus.h ****   * @{
  71:Drivers/STM32L0xx_HAL_Driver/Inc/stm32l0xx_ll_bus.h ****   */
  72:Drivers/STM32L0xx_HAL_Driver/Inc/stm32l0xx_ll_bus.h **** #define LL_AHB1_GRP1_PERIPH_ALL            0xFFFFFFFFU
  73:Drivers/STM32L0xx_HAL_Driver/Inc/stm32l0xx_ll_bus.h **** #define LL_AHB1_GRP1_PERIPH_DMA1           RCC_AHBENR_DMA1EN      /*!< DMA1 clock enable */
  74:Drivers/STM32L0xx_HAL_Driver/Inc/stm32l0xx_ll_bus.h **** #define LL_AHB1_GRP1_PERIPH_MIF            RCC_AHBENR_MIFEN       /*!< MIF clock enable */
  75:Drivers/STM32L0xx_HAL_Driver/Inc/stm32l0xx_ll_bus.h **** #define LL_AHB1_GRP1_PERIPH_SRAM           RCC_AHBSMENR_SRAMSMEN  /*!< Sleep Mode SRAM clock enable
  76:Drivers/STM32L0xx_HAL_Driver/Inc/stm32l0xx_ll_bus.h **** #define LL_AHB1_GRP1_PERIPH_CRC            RCC_AHBENR_CRCEN       /*!< CRC clock enable */
  77:Drivers/STM32L0xx_HAL_Driver/Inc/stm32l0xx_ll_bus.h **** #if defined(TSC)
  78:Drivers/STM32L0xx_HAL_Driver/Inc/stm32l0xx_ll_bus.h **** #define LL_AHB1_GRP1_PERIPH_TSC            RCC_AHBENR_TSCEN       /*!< TSC clock enable */
ARM GAS  C:\Users\Nathan\AppData\Local\Temp\cc09Fs34.s 			page 4


  79:Drivers/STM32L0xx_HAL_Driver/Inc/stm32l0xx_ll_bus.h **** #endif /*TSC*/
  80:Drivers/STM32L0xx_HAL_Driver/Inc/stm32l0xx_ll_bus.h **** #if defined(RNG)
  81:Drivers/STM32L0xx_HAL_Driver/Inc/stm32l0xx_ll_bus.h **** #define LL_AHB1_GRP1_PERIPH_RNG            RCC_AHBENR_RNGEN       /*!< RNG clock enable */
  82:Drivers/STM32L0xx_HAL_Driver/Inc/stm32l0xx_ll_bus.h **** #endif /*RNG*/
  83:Drivers/STM32L0xx_HAL_Driver/Inc/stm32l0xx_ll_bus.h **** #if defined(AES)
  84:Drivers/STM32L0xx_HAL_Driver/Inc/stm32l0xx_ll_bus.h **** #define LL_AHB1_GRP1_PERIPH_CRYP           RCC_AHBENR_CRYPEN      /*!< CRYP clock enable */
  85:Drivers/STM32L0xx_HAL_Driver/Inc/stm32l0xx_ll_bus.h **** #endif /*AES*/
  86:Drivers/STM32L0xx_HAL_Driver/Inc/stm32l0xx_ll_bus.h **** /**
  87:Drivers/STM32L0xx_HAL_Driver/Inc/stm32l0xx_ll_bus.h ****   * @}
  88:Drivers/STM32L0xx_HAL_Driver/Inc/stm32l0xx_ll_bus.h ****   */
  89:Drivers/STM32L0xx_HAL_Driver/Inc/stm32l0xx_ll_bus.h **** 
  90:Drivers/STM32L0xx_HAL_Driver/Inc/stm32l0xx_ll_bus.h **** 
  91:Drivers/STM32L0xx_HAL_Driver/Inc/stm32l0xx_ll_bus.h **** /** @defgroup BUS_LL_EC_APB1_GRP1_PERIPH  APB1 GRP1 PERIPH
  92:Drivers/STM32L0xx_HAL_Driver/Inc/stm32l0xx_ll_bus.h ****   * @{
  93:Drivers/STM32L0xx_HAL_Driver/Inc/stm32l0xx_ll_bus.h ****   */
  94:Drivers/STM32L0xx_HAL_Driver/Inc/stm32l0xx_ll_bus.h **** #define LL_APB1_GRP1_PERIPH_ALL            0xFFFFFFFFU
  95:Drivers/STM32L0xx_HAL_Driver/Inc/stm32l0xx_ll_bus.h **** #define LL_APB1_GRP1_PERIPH_TIM2           RCC_APB1ENR_TIM2EN     /*!< TIM2 clock enable */
  96:Drivers/STM32L0xx_HAL_Driver/Inc/stm32l0xx_ll_bus.h **** #if defined(TIM3)
  97:Drivers/STM32L0xx_HAL_Driver/Inc/stm32l0xx_ll_bus.h **** #define LL_APB1_GRP1_PERIPH_TIM3           RCC_APB1ENR_TIM3EN     /*!< TIM3 clock enable */
  98:Drivers/STM32L0xx_HAL_Driver/Inc/stm32l0xx_ll_bus.h **** #endif
  99:Drivers/STM32L0xx_HAL_Driver/Inc/stm32l0xx_ll_bus.h **** #if defined(TIM6)
 100:Drivers/STM32L0xx_HAL_Driver/Inc/stm32l0xx_ll_bus.h **** #define LL_APB1_GRP1_PERIPH_TIM6           RCC_APB1ENR_TIM6EN     /*!< TIM6 clock enable */
 101:Drivers/STM32L0xx_HAL_Driver/Inc/stm32l0xx_ll_bus.h **** #endif
 102:Drivers/STM32L0xx_HAL_Driver/Inc/stm32l0xx_ll_bus.h **** #if defined(TIM7)
 103:Drivers/STM32L0xx_HAL_Driver/Inc/stm32l0xx_ll_bus.h **** #define LL_APB1_GRP1_PERIPH_TIM7           RCC_APB1ENR_TIM7EN     /*!< TIM7 clock enable */
 104:Drivers/STM32L0xx_HAL_Driver/Inc/stm32l0xx_ll_bus.h **** #endif
 105:Drivers/STM32L0xx_HAL_Driver/Inc/stm32l0xx_ll_bus.h **** #if defined(LCD)
 106:Drivers/STM32L0xx_HAL_Driver/Inc/stm32l0xx_ll_bus.h **** #define LL_APB1_GRP1_PERIPH_LCD            RCC_APB1ENR_LCDEN      /*!< LCD clock enable */
 107:Drivers/STM32L0xx_HAL_Driver/Inc/stm32l0xx_ll_bus.h **** #endif /*LCD*/
 108:Drivers/STM32L0xx_HAL_Driver/Inc/stm32l0xx_ll_bus.h **** #define LL_APB1_GRP1_PERIPH_WWDG           RCC_APB1ENR_WWDGEN     /*!< WWDG clock enable */
 109:Drivers/STM32L0xx_HAL_Driver/Inc/stm32l0xx_ll_bus.h **** #if defined(SPI2)
 110:Drivers/STM32L0xx_HAL_Driver/Inc/stm32l0xx_ll_bus.h **** #define LL_APB1_GRP1_PERIPH_SPI2           RCC_APB1ENR_SPI2EN     /*!< SPI2 clock enable */
 111:Drivers/STM32L0xx_HAL_Driver/Inc/stm32l0xx_ll_bus.h **** #endif
 112:Drivers/STM32L0xx_HAL_Driver/Inc/stm32l0xx_ll_bus.h **** #define LL_APB1_GRP1_PERIPH_USART2         RCC_APB1ENR_USART2EN   /*!< USART2 clock enable */
 113:Drivers/STM32L0xx_HAL_Driver/Inc/stm32l0xx_ll_bus.h **** #define LL_APB1_GRP1_PERIPH_LPUART1        RCC_APB1ENR_LPUART1EN  /*!< LPUART1 clock enable */
 114:Drivers/STM32L0xx_HAL_Driver/Inc/stm32l0xx_ll_bus.h **** #if defined(USART4)
 115:Drivers/STM32L0xx_HAL_Driver/Inc/stm32l0xx_ll_bus.h **** #define LL_APB1_GRP1_PERIPH_USART4         RCC_APB1ENR_USART4EN   /*!< USART4 clock enable */
 116:Drivers/STM32L0xx_HAL_Driver/Inc/stm32l0xx_ll_bus.h **** #endif
 117:Drivers/STM32L0xx_HAL_Driver/Inc/stm32l0xx_ll_bus.h **** #if defined(USART5)
 118:Drivers/STM32L0xx_HAL_Driver/Inc/stm32l0xx_ll_bus.h **** #define LL_APB1_GRP1_PERIPH_USART5         RCC_APB1ENR_USART5EN   /*!< USART5 clock enable */
 119:Drivers/STM32L0xx_HAL_Driver/Inc/stm32l0xx_ll_bus.h **** #endif
 120:Drivers/STM32L0xx_HAL_Driver/Inc/stm32l0xx_ll_bus.h **** #define LL_APB1_GRP1_PERIPH_I2C1           RCC_APB1ENR_I2C1EN     /*!< I2C1 clock enable */
 121:Drivers/STM32L0xx_HAL_Driver/Inc/stm32l0xx_ll_bus.h **** #if defined(I2C2)
 122:Drivers/STM32L0xx_HAL_Driver/Inc/stm32l0xx_ll_bus.h **** #define LL_APB1_GRP1_PERIPH_I2C2           RCC_APB1ENR_I2C2EN     /*!< I2C2 clock enable */
 123:Drivers/STM32L0xx_HAL_Driver/Inc/stm32l0xx_ll_bus.h **** #endif
 124:Drivers/STM32L0xx_HAL_Driver/Inc/stm32l0xx_ll_bus.h **** #if defined(USB)
 125:Drivers/STM32L0xx_HAL_Driver/Inc/stm32l0xx_ll_bus.h **** #define LL_APB1_GRP1_PERIPH_USB            RCC_APB1ENR_USBEN      /*!< USB clock enable */
 126:Drivers/STM32L0xx_HAL_Driver/Inc/stm32l0xx_ll_bus.h **** #endif /*USB*/
 127:Drivers/STM32L0xx_HAL_Driver/Inc/stm32l0xx_ll_bus.h **** #if defined(CRS)
 128:Drivers/STM32L0xx_HAL_Driver/Inc/stm32l0xx_ll_bus.h **** #define LL_APB1_GRP1_PERIPH_CRS            RCC_APB1ENR_CRSEN      /*!< CRS clock enable */
 129:Drivers/STM32L0xx_HAL_Driver/Inc/stm32l0xx_ll_bus.h **** #endif /*CRS*/
 130:Drivers/STM32L0xx_HAL_Driver/Inc/stm32l0xx_ll_bus.h **** #define LL_APB1_GRP1_PERIPH_PWR            RCC_APB1ENR_PWREN      /*!< PWR clock enable */
 131:Drivers/STM32L0xx_HAL_Driver/Inc/stm32l0xx_ll_bus.h **** #if defined(DAC)
 132:Drivers/STM32L0xx_HAL_Driver/Inc/stm32l0xx_ll_bus.h **** #define LL_APB1_GRP1_PERIPH_DAC1           RCC_APB1ENR_DACEN      /*!< DAC clock enable */
 133:Drivers/STM32L0xx_HAL_Driver/Inc/stm32l0xx_ll_bus.h **** #endif
 134:Drivers/STM32L0xx_HAL_Driver/Inc/stm32l0xx_ll_bus.h **** #if defined(I2C3)
 135:Drivers/STM32L0xx_HAL_Driver/Inc/stm32l0xx_ll_bus.h **** #define LL_APB1_GRP1_PERIPH_I2C3           RCC_APB1ENR_I2C3EN     /*!< I2C3 clock enable */
ARM GAS  C:\Users\Nathan\AppData\Local\Temp\cc09Fs34.s 			page 5


 136:Drivers/STM32L0xx_HAL_Driver/Inc/stm32l0xx_ll_bus.h **** #endif
 137:Drivers/STM32L0xx_HAL_Driver/Inc/stm32l0xx_ll_bus.h **** #define LL_APB1_GRP1_PERIPH_LPTIM1         RCC_APB1ENR_LPTIM1EN   /*!< LPTIM1 clock enable */
 138:Drivers/STM32L0xx_HAL_Driver/Inc/stm32l0xx_ll_bus.h **** /**
 139:Drivers/STM32L0xx_HAL_Driver/Inc/stm32l0xx_ll_bus.h ****   * @}
 140:Drivers/STM32L0xx_HAL_Driver/Inc/stm32l0xx_ll_bus.h ****   */
 141:Drivers/STM32L0xx_HAL_Driver/Inc/stm32l0xx_ll_bus.h **** 
 142:Drivers/STM32L0xx_HAL_Driver/Inc/stm32l0xx_ll_bus.h **** 
 143:Drivers/STM32L0xx_HAL_Driver/Inc/stm32l0xx_ll_bus.h **** 
 144:Drivers/STM32L0xx_HAL_Driver/Inc/stm32l0xx_ll_bus.h **** 
 145:Drivers/STM32L0xx_HAL_Driver/Inc/stm32l0xx_ll_bus.h **** /** @defgroup BUS_LL_EC_APB2_GRP1_PERIPH  APB2 GRP1 PERIPH
 146:Drivers/STM32L0xx_HAL_Driver/Inc/stm32l0xx_ll_bus.h ****   * @{
 147:Drivers/STM32L0xx_HAL_Driver/Inc/stm32l0xx_ll_bus.h ****   */
 148:Drivers/STM32L0xx_HAL_Driver/Inc/stm32l0xx_ll_bus.h **** #define LL_APB2_GRP1_PERIPH_ALL            0xFFFFFFFFU
 149:Drivers/STM32L0xx_HAL_Driver/Inc/stm32l0xx_ll_bus.h **** #define LL_APB2_GRP1_PERIPH_SYSCFG         RCC_APB2ENR_SYSCFGEN  /*!< SYSCFG clock enable */
 150:Drivers/STM32L0xx_HAL_Driver/Inc/stm32l0xx_ll_bus.h **** #define LL_APB2_GRP1_PERIPH_TIM21          RCC_APB2ENR_TIM21EN   /*!< TIM21 clock enable */
 151:Drivers/STM32L0xx_HAL_Driver/Inc/stm32l0xx_ll_bus.h **** #if defined(TIM22)
 152:Drivers/STM32L0xx_HAL_Driver/Inc/stm32l0xx_ll_bus.h **** #define LL_APB2_GRP1_PERIPH_TIM22          RCC_APB2ENR_TIM22EN   /*!< TIM22 clock enable */
 153:Drivers/STM32L0xx_HAL_Driver/Inc/stm32l0xx_ll_bus.h **** #endif
 154:Drivers/STM32L0xx_HAL_Driver/Inc/stm32l0xx_ll_bus.h **** #define LL_APB2_GRP1_PERIPH_FW             RCC_APB2ENR_FWEN      /*!< FireWall clock enable */
 155:Drivers/STM32L0xx_HAL_Driver/Inc/stm32l0xx_ll_bus.h **** #define LL_APB2_GRP1_PERIPH_ADC1           RCC_APB2ENR_ADC1EN    /*!< ADC1 clock enable */
 156:Drivers/STM32L0xx_HAL_Driver/Inc/stm32l0xx_ll_bus.h **** #define LL_APB2_GRP1_PERIPH_SPI1           RCC_APB2ENR_SPI1EN    /*!< SPI1 clock enable */
 157:Drivers/STM32L0xx_HAL_Driver/Inc/stm32l0xx_ll_bus.h **** #if defined(USART1)
 158:Drivers/STM32L0xx_HAL_Driver/Inc/stm32l0xx_ll_bus.h **** #define LL_APB2_GRP1_PERIPH_USART1         RCC_APB2ENR_USART1EN  /*!< USART1 clock enable */
 159:Drivers/STM32L0xx_HAL_Driver/Inc/stm32l0xx_ll_bus.h **** #endif
 160:Drivers/STM32L0xx_HAL_Driver/Inc/stm32l0xx_ll_bus.h **** #define LL_APB2_GRP1_PERIPH_DBGMCU         RCC_APB2ENR_DBGMCUEN  /*!< DBGMCU clock enable */
 161:Drivers/STM32L0xx_HAL_Driver/Inc/stm32l0xx_ll_bus.h **** 
 162:Drivers/STM32L0xx_HAL_Driver/Inc/stm32l0xx_ll_bus.h **** /**
 163:Drivers/STM32L0xx_HAL_Driver/Inc/stm32l0xx_ll_bus.h ****   * @}
 164:Drivers/STM32L0xx_HAL_Driver/Inc/stm32l0xx_ll_bus.h ****   */
 165:Drivers/STM32L0xx_HAL_Driver/Inc/stm32l0xx_ll_bus.h **** 
 166:Drivers/STM32L0xx_HAL_Driver/Inc/stm32l0xx_ll_bus.h **** 
 167:Drivers/STM32L0xx_HAL_Driver/Inc/stm32l0xx_ll_bus.h **** 
 168:Drivers/STM32L0xx_HAL_Driver/Inc/stm32l0xx_ll_bus.h **** /** @defgroup BUS_LL_EC_IOP_GRP1_PERIPH  IOP GRP1 PERIPH
 169:Drivers/STM32L0xx_HAL_Driver/Inc/stm32l0xx_ll_bus.h ****   * @{
 170:Drivers/STM32L0xx_HAL_Driver/Inc/stm32l0xx_ll_bus.h ****   */
 171:Drivers/STM32L0xx_HAL_Driver/Inc/stm32l0xx_ll_bus.h **** #define LL_IOP_GRP1_PERIPH_ALL             0xFFFFFFFFU
 172:Drivers/STM32L0xx_HAL_Driver/Inc/stm32l0xx_ll_bus.h **** #define LL_IOP_GRP1_PERIPH_GPIOA           RCC_IOPENR_GPIOAEN    /*!< GPIO port A control */
 173:Drivers/STM32L0xx_HAL_Driver/Inc/stm32l0xx_ll_bus.h **** #define LL_IOP_GRP1_PERIPH_GPIOB           RCC_IOPENR_GPIOBEN    /*!< GPIO port B control */
 174:Drivers/STM32L0xx_HAL_Driver/Inc/stm32l0xx_ll_bus.h **** #define LL_IOP_GRP1_PERIPH_GPIOC           RCC_IOPENR_GPIOCEN    /*!< GPIO port C control */
 175:Drivers/STM32L0xx_HAL_Driver/Inc/stm32l0xx_ll_bus.h **** #if defined(GPIOD)
 176:Drivers/STM32L0xx_HAL_Driver/Inc/stm32l0xx_ll_bus.h **** #define LL_IOP_GRP1_PERIPH_GPIOD           RCC_IOPENR_GPIODEN    /*!< GPIO port D control */
 177:Drivers/STM32L0xx_HAL_Driver/Inc/stm32l0xx_ll_bus.h **** #endif /*GPIOD*/
 178:Drivers/STM32L0xx_HAL_Driver/Inc/stm32l0xx_ll_bus.h **** #if defined(GPIOE)
 179:Drivers/STM32L0xx_HAL_Driver/Inc/stm32l0xx_ll_bus.h **** #define LL_IOP_GRP1_PERIPH_GPIOE           RCC_IOPENR_GPIOEEN    /*!< GPIO port H control */
 180:Drivers/STM32L0xx_HAL_Driver/Inc/stm32l0xx_ll_bus.h **** #endif /*GPIOE*/
 181:Drivers/STM32L0xx_HAL_Driver/Inc/stm32l0xx_ll_bus.h **** #if defined(GPIOH)
 182:Drivers/STM32L0xx_HAL_Driver/Inc/stm32l0xx_ll_bus.h **** #define LL_IOP_GRP1_PERIPH_GPIOH           RCC_IOPENR_GPIOHEN    /*!< GPIO port H control */
 183:Drivers/STM32L0xx_HAL_Driver/Inc/stm32l0xx_ll_bus.h **** #endif /*GPIOH*/
 184:Drivers/STM32L0xx_HAL_Driver/Inc/stm32l0xx_ll_bus.h **** /**
 185:Drivers/STM32L0xx_HAL_Driver/Inc/stm32l0xx_ll_bus.h ****   * @}
 186:Drivers/STM32L0xx_HAL_Driver/Inc/stm32l0xx_ll_bus.h ****   */
 187:Drivers/STM32L0xx_HAL_Driver/Inc/stm32l0xx_ll_bus.h **** 
 188:Drivers/STM32L0xx_HAL_Driver/Inc/stm32l0xx_ll_bus.h **** 
 189:Drivers/STM32L0xx_HAL_Driver/Inc/stm32l0xx_ll_bus.h **** /**
 190:Drivers/STM32L0xx_HAL_Driver/Inc/stm32l0xx_ll_bus.h ****   * @}
 191:Drivers/STM32L0xx_HAL_Driver/Inc/stm32l0xx_ll_bus.h ****   */
 192:Drivers/STM32L0xx_HAL_Driver/Inc/stm32l0xx_ll_bus.h **** 
ARM GAS  C:\Users\Nathan\AppData\Local\Temp\cc09Fs34.s 			page 6


 193:Drivers/STM32L0xx_HAL_Driver/Inc/stm32l0xx_ll_bus.h **** /* Exported macro ------------------------------------------------------------*/
 194:Drivers/STM32L0xx_HAL_Driver/Inc/stm32l0xx_ll_bus.h **** /* Exported functions --------------------------------------------------------*/
 195:Drivers/STM32L0xx_HAL_Driver/Inc/stm32l0xx_ll_bus.h **** /** @defgroup BUS_LL_Exported_Functions BUS Exported Functions
 196:Drivers/STM32L0xx_HAL_Driver/Inc/stm32l0xx_ll_bus.h ****   * @{
 197:Drivers/STM32L0xx_HAL_Driver/Inc/stm32l0xx_ll_bus.h ****   */
 198:Drivers/STM32L0xx_HAL_Driver/Inc/stm32l0xx_ll_bus.h **** 
 199:Drivers/STM32L0xx_HAL_Driver/Inc/stm32l0xx_ll_bus.h **** /** @defgroup BUS_LL_EF_AHB1 AHB1
 200:Drivers/STM32L0xx_HAL_Driver/Inc/stm32l0xx_ll_bus.h ****   * @{
 201:Drivers/STM32L0xx_HAL_Driver/Inc/stm32l0xx_ll_bus.h ****   */
 202:Drivers/STM32L0xx_HAL_Driver/Inc/stm32l0xx_ll_bus.h **** 
 203:Drivers/STM32L0xx_HAL_Driver/Inc/stm32l0xx_ll_bus.h **** /**
 204:Drivers/STM32L0xx_HAL_Driver/Inc/stm32l0xx_ll_bus.h ****   * @brief  Enable AHB1 peripherals clock.
 205:Drivers/STM32L0xx_HAL_Driver/Inc/stm32l0xx_ll_bus.h ****   * @rmtoll AHBENR      DMAEN        LL_AHB1_GRP1_EnableClock\n
 206:Drivers/STM32L0xx_HAL_Driver/Inc/stm32l0xx_ll_bus.h ****   *         AHBENR      MIFEN        LL_AHB1_GRP1_EnableClock\n
 207:Drivers/STM32L0xx_HAL_Driver/Inc/stm32l0xx_ll_bus.h ****   *         AHBENR      CRCEN        LL_AHB1_GRP1_EnableClock\n
 208:Drivers/STM32L0xx_HAL_Driver/Inc/stm32l0xx_ll_bus.h ****   *         AHBENR      TSCEN        LL_AHB1_GRP1_EnableClock\n
 209:Drivers/STM32L0xx_HAL_Driver/Inc/stm32l0xx_ll_bus.h ****   *         AHBENR      RNGEN        LL_AHB1_GRP1_EnableClock\n
 210:Drivers/STM32L0xx_HAL_Driver/Inc/stm32l0xx_ll_bus.h ****   *         AHBENR      CRYPEN       LL_AHB1_GRP1_EnableClock
 211:Drivers/STM32L0xx_HAL_Driver/Inc/stm32l0xx_ll_bus.h ****   * @param  Periphs This parameter can be a combination of the following values:
 212:Drivers/STM32L0xx_HAL_Driver/Inc/stm32l0xx_ll_bus.h ****   *         @arg @ref LL_AHB1_GRP1_PERIPH_DMA1
 213:Drivers/STM32L0xx_HAL_Driver/Inc/stm32l0xx_ll_bus.h ****   *         @arg @ref LL_AHB1_GRP1_PERIPH_MIF
 214:Drivers/STM32L0xx_HAL_Driver/Inc/stm32l0xx_ll_bus.h ****   *         @arg @ref LL_AHB1_GRP1_PERIPH_CRC
 215:Drivers/STM32L0xx_HAL_Driver/Inc/stm32l0xx_ll_bus.h ****   *         @arg @ref LL_AHB1_GRP1_PERIPH_TSC (*)
 216:Drivers/STM32L0xx_HAL_Driver/Inc/stm32l0xx_ll_bus.h ****   *         @arg @ref LL_AHB1_GRP1_PERIPH_RNG (*)
 217:Drivers/STM32L0xx_HAL_Driver/Inc/stm32l0xx_ll_bus.h ****   *         @arg @ref LL_AHB1_GRP1_PERIPH_CRYP (*)
 218:Drivers/STM32L0xx_HAL_Driver/Inc/stm32l0xx_ll_bus.h ****   *
 219:Drivers/STM32L0xx_HAL_Driver/Inc/stm32l0xx_ll_bus.h ****   *         (*) value not defined in all devices.
 220:Drivers/STM32L0xx_HAL_Driver/Inc/stm32l0xx_ll_bus.h ****   * @retval None
 221:Drivers/STM32L0xx_HAL_Driver/Inc/stm32l0xx_ll_bus.h **** */
 222:Drivers/STM32L0xx_HAL_Driver/Inc/stm32l0xx_ll_bus.h **** __STATIC_INLINE void LL_AHB1_GRP1_EnableClock(uint32_t Periphs)
 223:Drivers/STM32L0xx_HAL_Driver/Inc/stm32l0xx_ll_bus.h **** {
 224:Drivers/STM32L0xx_HAL_Driver/Inc/stm32l0xx_ll_bus.h ****   __IO uint32_t tmpreg;
 225:Drivers/STM32L0xx_HAL_Driver/Inc/stm32l0xx_ll_bus.h ****   SET_BIT(RCC->AHBENR, Periphs);
 226:Drivers/STM32L0xx_HAL_Driver/Inc/stm32l0xx_ll_bus.h ****   /* Delay after an RCC peripheral clock enabling */
 227:Drivers/STM32L0xx_HAL_Driver/Inc/stm32l0xx_ll_bus.h ****   tmpreg = READ_BIT(RCC->AHBENR, Periphs);
 228:Drivers/STM32L0xx_HAL_Driver/Inc/stm32l0xx_ll_bus.h ****   (void)tmpreg;
 229:Drivers/STM32L0xx_HAL_Driver/Inc/stm32l0xx_ll_bus.h **** }
 230:Drivers/STM32L0xx_HAL_Driver/Inc/stm32l0xx_ll_bus.h **** 
 231:Drivers/STM32L0xx_HAL_Driver/Inc/stm32l0xx_ll_bus.h **** /**
 232:Drivers/STM32L0xx_HAL_Driver/Inc/stm32l0xx_ll_bus.h ****   * @brief  Check if AHB1 peripheral clock is enabled or not
 233:Drivers/STM32L0xx_HAL_Driver/Inc/stm32l0xx_ll_bus.h ****   * @rmtoll AHBENR      DMAEN        LL_AHB1_GRP1_IsEnabledClock\n
 234:Drivers/STM32L0xx_HAL_Driver/Inc/stm32l0xx_ll_bus.h ****   *         AHBENR      MIFEN        LL_AHB1_GRP1_IsEnabledClock\n
 235:Drivers/STM32L0xx_HAL_Driver/Inc/stm32l0xx_ll_bus.h ****   *         AHBENR      CRCEN        LL_AHB1_GRP1_IsEnabledClock\n
 236:Drivers/STM32L0xx_HAL_Driver/Inc/stm32l0xx_ll_bus.h ****   *         AHBENR      TSCEN        LL_AHB1_GRP1_IsEnabledClock\n
 237:Drivers/STM32L0xx_HAL_Driver/Inc/stm32l0xx_ll_bus.h ****   *         AHBENR      RNGEN        LL_AHB1_GRP1_IsEnabledClock\n
 238:Drivers/STM32L0xx_HAL_Driver/Inc/stm32l0xx_ll_bus.h ****   *         AHBENR      CRYPEN       LL_AHB1_GRP1_IsEnabledClock
 239:Drivers/STM32L0xx_HAL_Driver/Inc/stm32l0xx_ll_bus.h ****   * @param  Periphs This parameter can be a combination of the following values:
 240:Drivers/STM32L0xx_HAL_Driver/Inc/stm32l0xx_ll_bus.h ****   *         @arg @ref LL_AHB1_GRP1_PERIPH_DMA1
 241:Drivers/STM32L0xx_HAL_Driver/Inc/stm32l0xx_ll_bus.h ****   *         @arg @ref LL_AHB1_GRP1_PERIPH_MIF
 242:Drivers/STM32L0xx_HAL_Driver/Inc/stm32l0xx_ll_bus.h ****   *         @arg @ref LL_AHB1_GRP1_PERIPH_CRC
 243:Drivers/STM32L0xx_HAL_Driver/Inc/stm32l0xx_ll_bus.h ****   *         @arg @ref LL_AHB1_GRP1_PERIPH_TSC (*)
 244:Drivers/STM32L0xx_HAL_Driver/Inc/stm32l0xx_ll_bus.h ****   *         @arg @ref LL_AHB1_GRP1_PERIPH_RNG (*)
 245:Drivers/STM32L0xx_HAL_Driver/Inc/stm32l0xx_ll_bus.h ****   *         @arg @ref LL_AHB1_GRP1_PERIPH_CRYP (*)
 246:Drivers/STM32L0xx_HAL_Driver/Inc/stm32l0xx_ll_bus.h ****   *
 247:Drivers/STM32L0xx_HAL_Driver/Inc/stm32l0xx_ll_bus.h ****   *         (*) value not defined in all devices.
 248:Drivers/STM32L0xx_HAL_Driver/Inc/stm32l0xx_ll_bus.h ****   * @retval State of Periphs (1 or 0).
 249:Drivers/STM32L0xx_HAL_Driver/Inc/stm32l0xx_ll_bus.h **** */
ARM GAS  C:\Users\Nathan\AppData\Local\Temp\cc09Fs34.s 			page 7


 250:Drivers/STM32L0xx_HAL_Driver/Inc/stm32l0xx_ll_bus.h **** __STATIC_INLINE uint32_t LL_AHB1_GRP1_IsEnabledClock(uint32_t Periphs)
 251:Drivers/STM32L0xx_HAL_Driver/Inc/stm32l0xx_ll_bus.h **** {
 252:Drivers/STM32L0xx_HAL_Driver/Inc/stm32l0xx_ll_bus.h ****   return ((READ_BIT(RCC->AHBENR, Periphs) == (Periphs)) ? 1UL : 0UL);
 253:Drivers/STM32L0xx_HAL_Driver/Inc/stm32l0xx_ll_bus.h **** }
 254:Drivers/STM32L0xx_HAL_Driver/Inc/stm32l0xx_ll_bus.h **** 
 255:Drivers/STM32L0xx_HAL_Driver/Inc/stm32l0xx_ll_bus.h **** /**
 256:Drivers/STM32L0xx_HAL_Driver/Inc/stm32l0xx_ll_bus.h ****   * @brief  Disable AHB1 peripherals clock.
 257:Drivers/STM32L0xx_HAL_Driver/Inc/stm32l0xx_ll_bus.h ****   * @rmtoll AHBENR      DMAEN        LL_AHB1_GRP1_DisableClock\n
 258:Drivers/STM32L0xx_HAL_Driver/Inc/stm32l0xx_ll_bus.h ****   *         AHBENR      MIFEN        LL_AHB1_GRP1_DisableClock\n
 259:Drivers/STM32L0xx_HAL_Driver/Inc/stm32l0xx_ll_bus.h ****   *         AHBENR      CRCEN        LL_AHB1_GRP1_DisableClock\n
 260:Drivers/STM32L0xx_HAL_Driver/Inc/stm32l0xx_ll_bus.h ****   *         AHBENR      TSCEN        LL_AHB1_GRP1_DisableClock\n
 261:Drivers/STM32L0xx_HAL_Driver/Inc/stm32l0xx_ll_bus.h ****   *         AHBENR      RNGEN        LL_AHB1_GRP1_DisableClock\n
 262:Drivers/STM32L0xx_HAL_Driver/Inc/stm32l0xx_ll_bus.h ****   *         AHBENR      CRYPEN       LL_AHB1_GRP1_DisableClock
 263:Drivers/STM32L0xx_HAL_Driver/Inc/stm32l0xx_ll_bus.h ****   * @param  Periphs This parameter can be a combination of the following values:
 264:Drivers/STM32L0xx_HAL_Driver/Inc/stm32l0xx_ll_bus.h ****   *         @arg @ref LL_AHB1_GRP1_PERIPH_DMA1
 265:Drivers/STM32L0xx_HAL_Driver/Inc/stm32l0xx_ll_bus.h ****   *         @arg @ref LL_AHB1_GRP1_PERIPH_MIF
 266:Drivers/STM32L0xx_HAL_Driver/Inc/stm32l0xx_ll_bus.h ****   *         @arg @ref LL_AHB1_GRP1_PERIPH_CRC
 267:Drivers/STM32L0xx_HAL_Driver/Inc/stm32l0xx_ll_bus.h ****   *         @arg @ref LL_AHB1_GRP1_PERIPH_TSC (*)
 268:Drivers/STM32L0xx_HAL_Driver/Inc/stm32l0xx_ll_bus.h ****   *         @arg @ref LL_AHB1_GRP1_PERIPH_RNG (*)
 269:Drivers/STM32L0xx_HAL_Driver/Inc/stm32l0xx_ll_bus.h ****   *         @arg @ref LL_AHB1_GRP1_PERIPH_CRYP (*)
 270:Drivers/STM32L0xx_HAL_Driver/Inc/stm32l0xx_ll_bus.h ****   *
 271:Drivers/STM32L0xx_HAL_Driver/Inc/stm32l0xx_ll_bus.h ****   *         (*) value not defined in all devices.
 272:Drivers/STM32L0xx_HAL_Driver/Inc/stm32l0xx_ll_bus.h ****   * @retval None
 273:Drivers/STM32L0xx_HAL_Driver/Inc/stm32l0xx_ll_bus.h **** */
 274:Drivers/STM32L0xx_HAL_Driver/Inc/stm32l0xx_ll_bus.h **** __STATIC_INLINE void LL_AHB1_GRP1_DisableClock(uint32_t Periphs)
 275:Drivers/STM32L0xx_HAL_Driver/Inc/stm32l0xx_ll_bus.h **** {
 276:Drivers/STM32L0xx_HAL_Driver/Inc/stm32l0xx_ll_bus.h ****   CLEAR_BIT(RCC->AHBENR, Periphs);
 277:Drivers/STM32L0xx_HAL_Driver/Inc/stm32l0xx_ll_bus.h **** }
 278:Drivers/STM32L0xx_HAL_Driver/Inc/stm32l0xx_ll_bus.h **** 
 279:Drivers/STM32L0xx_HAL_Driver/Inc/stm32l0xx_ll_bus.h **** /**
 280:Drivers/STM32L0xx_HAL_Driver/Inc/stm32l0xx_ll_bus.h ****   * @brief  Force AHB1 peripherals reset.
 281:Drivers/STM32L0xx_HAL_Driver/Inc/stm32l0xx_ll_bus.h ****   * @rmtoll AHBRSTR      DMARST        LL_AHB1_GRP1_ForceReset\n
 282:Drivers/STM32L0xx_HAL_Driver/Inc/stm32l0xx_ll_bus.h ****   *         AHBRSTR      MIFRST        LL_AHB1_GRP1_ForceReset\n
 283:Drivers/STM32L0xx_HAL_Driver/Inc/stm32l0xx_ll_bus.h ****   *         AHBRSTR      CRCRST        LL_AHB1_GRP1_ForceReset\n
 284:Drivers/STM32L0xx_HAL_Driver/Inc/stm32l0xx_ll_bus.h ****   *         AHBRSTR      TSCRST        LL_AHB1_GRP1_ForceReset\n
 285:Drivers/STM32L0xx_HAL_Driver/Inc/stm32l0xx_ll_bus.h ****   *         AHBRSTR      RNGRST        LL_AHB1_GRP1_ForceReset\n
 286:Drivers/STM32L0xx_HAL_Driver/Inc/stm32l0xx_ll_bus.h ****   *         AHBRSTR      CRYPRST       LL_AHB1_GRP1_ForceReset
 287:Drivers/STM32L0xx_HAL_Driver/Inc/stm32l0xx_ll_bus.h ****   * @param  Periphs This parameter can be a combination of the following values:
 288:Drivers/STM32L0xx_HAL_Driver/Inc/stm32l0xx_ll_bus.h ****   *         @arg @ref LL_AHB1_GRP1_PERIPH_ALL
 289:Drivers/STM32L0xx_HAL_Driver/Inc/stm32l0xx_ll_bus.h ****   *         @arg @ref LL_AHB1_GRP1_PERIPH_DMA1
 290:Drivers/STM32L0xx_HAL_Driver/Inc/stm32l0xx_ll_bus.h ****   *         @arg @ref LL_AHB1_GRP1_PERIPH_MIF
 291:Drivers/STM32L0xx_HAL_Driver/Inc/stm32l0xx_ll_bus.h ****   *         @arg @ref LL_AHB1_GRP1_PERIPH_CRC
 292:Drivers/STM32L0xx_HAL_Driver/Inc/stm32l0xx_ll_bus.h ****   *         @arg @ref LL_AHB1_GRP1_PERIPH_TSC (*)
 293:Drivers/STM32L0xx_HAL_Driver/Inc/stm32l0xx_ll_bus.h ****   *         @arg @ref LL_AHB1_GRP1_PERIPH_RNG (*)
 294:Drivers/STM32L0xx_HAL_Driver/Inc/stm32l0xx_ll_bus.h ****   *         @arg @ref LL_AHB1_GRP1_PERIPH_CRYP (*)
 295:Drivers/STM32L0xx_HAL_Driver/Inc/stm32l0xx_ll_bus.h ****   *
 296:Drivers/STM32L0xx_HAL_Driver/Inc/stm32l0xx_ll_bus.h ****   *         (*) value not defined in all devices.
 297:Drivers/STM32L0xx_HAL_Driver/Inc/stm32l0xx_ll_bus.h ****   * @retval None
 298:Drivers/STM32L0xx_HAL_Driver/Inc/stm32l0xx_ll_bus.h **** */
 299:Drivers/STM32L0xx_HAL_Driver/Inc/stm32l0xx_ll_bus.h **** __STATIC_INLINE void LL_AHB1_GRP1_ForceReset(uint32_t Periphs)
 300:Drivers/STM32L0xx_HAL_Driver/Inc/stm32l0xx_ll_bus.h **** {
 301:Drivers/STM32L0xx_HAL_Driver/Inc/stm32l0xx_ll_bus.h ****   SET_BIT(RCC->AHBRSTR, Periphs);
 302:Drivers/STM32L0xx_HAL_Driver/Inc/stm32l0xx_ll_bus.h **** }
 303:Drivers/STM32L0xx_HAL_Driver/Inc/stm32l0xx_ll_bus.h **** 
 304:Drivers/STM32L0xx_HAL_Driver/Inc/stm32l0xx_ll_bus.h **** /**
 305:Drivers/STM32L0xx_HAL_Driver/Inc/stm32l0xx_ll_bus.h ****   * @brief  Release AHB1 peripherals reset.
 306:Drivers/STM32L0xx_HAL_Driver/Inc/stm32l0xx_ll_bus.h ****   * @rmtoll AHBRSTR      DMARST        LL_AHB1_GRP1_ReleaseReset\n
ARM GAS  C:\Users\Nathan\AppData\Local\Temp\cc09Fs34.s 			page 8


 307:Drivers/STM32L0xx_HAL_Driver/Inc/stm32l0xx_ll_bus.h ****   *         AHBRSTR      MIFRST        LL_AHB1_GRP1_ReleaseReset\n
 308:Drivers/STM32L0xx_HAL_Driver/Inc/stm32l0xx_ll_bus.h ****   *         AHBRSTR      CRCRST        LL_AHB1_GRP1_ReleaseReset\n
 309:Drivers/STM32L0xx_HAL_Driver/Inc/stm32l0xx_ll_bus.h ****   *         AHBRSTR      TSCRST        LL_AHB1_GRP1_ReleaseReset\n
 310:Drivers/STM32L0xx_HAL_Driver/Inc/stm32l0xx_ll_bus.h ****   *         AHBRSTR      RNGRST        LL_AHB1_GRP1_ReleaseReset\n
 311:Drivers/STM32L0xx_HAL_Driver/Inc/stm32l0xx_ll_bus.h ****   *         AHBRSTR      CRYPRST       LL_AHB1_GRP1_ReleaseReset
 312:Drivers/STM32L0xx_HAL_Driver/Inc/stm32l0xx_ll_bus.h ****   * @param  Periphs This parameter can be a combination of the following values:
 313:Drivers/STM32L0xx_HAL_Driver/Inc/stm32l0xx_ll_bus.h ****   *         @arg @ref LL_AHB1_GRP1_PERIPH_ALL
 314:Drivers/STM32L0xx_HAL_Driver/Inc/stm32l0xx_ll_bus.h ****   *         @arg @ref LL_AHB1_GRP1_PERIPH_DMA1
 315:Drivers/STM32L0xx_HAL_Driver/Inc/stm32l0xx_ll_bus.h ****   *         @arg @ref LL_AHB1_GRP1_PERIPH_MIF
 316:Drivers/STM32L0xx_HAL_Driver/Inc/stm32l0xx_ll_bus.h ****   *         @arg @ref LL_AHB1_GRP1_PERIPH_CRC
 317:Drivers/STM32L0xx_HAL_Driver/Inc/stm32l0xx_ll_bus.h ****   *         @arg @ref LL_AHB1_GRP1_PERIPH_TSC (*)
 318:Drivers/STM32L0xx_HAL_Driver/Inc/stm32l0xx_ll_bus.h ****   *         @arg @ref LL_AHB1_GRP1_PERIPH_RNG (*)
 319:Drivers/STM32L0xx_HAL_Driver/Inc/stm32l0xx_ll_bus.h ****   *         @arg @ref LL_AHB1_GRP1_PERIPH_CRYP (*)
 320:Drivers/STM32L0xx_HAL_Driver/Inc/stm32l0xx_ll_bus.h ****   *
 321:Drivers/STM32L0xx_HAL_Driver/Inc/stm32l0xx_ll_bus.h ****   *         (*) value not defined in all devices.
 322:Drivers/STM32L0xx_HAL_Driver/Inc/stm32l0xx_ll_bus.h ****   * @retval None
 323:Drivers/STM32L0xx_HAL_Driver/Inc/stm32l0xx_ll_bus.h **** */
 324:Drivers/STM32L0xx_HAL_Driver/Inc/stm32l0xx_ll_bus.h **** __STATIC_INLINE void LL_AHB1_GRP1_ReleaseReset(uint32_t Periphs)
 325:Drivers/STM32L0xx_HAL_Driver/Inc/stm32l0xx_ll_bus.h **** {
 326:Drivers/STM32L0xx_HAL_Driver/Inc/stm32l0xx_ll_bus.h ****   CLEAR_BIT(RCC->AHBRSTR, Periphs);
 327:Drivers/STM32L0xx_HAL_Driver/Inc/stm32l0xx_ll_bus.h **** }
 328:Drivers/STM32L0xx_HAL_Driver/Inc/stm32l0xx_ll_bus.h **** 
 329:Drivers/STM32L0xx_HAL_Driver/Inc/stm32l0xx_ll_bus.h **** /**
 330:Drivers/STM32L0xx_HAL_Driver/Inc/stm32l0xx_ll_bus.h ****   * @brief  Enable AHB1 peripherals clock during Low Power (Sleep) mode.
 331:Drivers/STM32L0xx_HAL_Driver/Inc/stm32l0xx_ll_bus.h ****   * @rmtoll AHBSMENR     DMASMEN       LL_AHB1_GRP1_EnableClockSleep\n
 332:Drivers/STM32L0xx_HAL_Driver/Inc/stm32l0xx_ll_bus.h ****   *         AHBSMENR     MIFSMEN       LL_AHB1_GRP1_EnableClockSleep\n
 333:Drivers/STM32L0xx_HAL_Driver/Inc/stm32l0xx_ll_bus.h ****   *         AHBSMENR     SRAMSMEN      LL_AHB1_GRP1_EnableClockSleep\n
 334:Drivers/STM32L0xx_HAL_Driver/Inc/stm32l0xx_ll_bus.h ****   *         AHBSMENR     CRCSMEN       LL_AHB1_GRP1_EnableClockSleep\n
 335:Drivers/STM32L0xx_HAL_Driver/Inc/stm32l0xx_ll_bus.h ****   *         AHBSMENR     TSCSMEN       LL_AHB1_GRP1_EnableClockSleep\n
 336:Drivers/STM32L0xx_HAL_Driver/Inc/stm32l0xx_ll_bus.h ****   *         AHBSMENR     RNGSMEN       LL_AHB1_GRP1_EnableClockSleep\n
 337:Drivers/STM32L0xx_HAL_Driver/Inc/stm32l0xx_ll_bus.h ****   *         AHBSMENR     CRYPSMEN      LL_AHB1_GRP1_EnableClockSleep
 338:Drivers/STM32L0xx_HAL_Driver/Inc/stm32l0xx_ll_bus.h ****   * @param  Periphs This parameter can be a combination of the following values:
 339:Drivers/STM32L0xx_HAL_Driver/Inc/stm32l0xx_ll_bus.h ****   *         @arg @ref LL_AHB1_GRP1_PERIPH_DMA1
 340:Drivers/STM32L0xx_HAL_Driver/Inc/stm32l0xx_ll_bus.h ****   *         @arg @ref LL_AHB1_GRP1_PERIPH_MIF
 341:Drivers/STM32L0xx_HAL_Driver/Inc/stm32l0xx_ll_bus.h ****   *         @arg @ref LL_AHB1_GRP1_PERIPH_SRAM
 342:Drivers/STM32L0xx_HAL_Driver/Inc/stm32l0xx_ll_bus.h ****   *         @arg @ref LL_AHB1_GRP1_PERIPH_CRC
 343:Drivers/STM32L0xx_HAL_Driver/Inc/stm32l0xx_ll_bus.h ****   *         @arg @ref LL_AHB1_GRP1_PERIPH_TSC (*)
 344:Drivers/STM32L0xx_HAL_Driver/Inc/stm32l0xx_ll_bus.h ****   *         @arg @ref LL_AHB1_GRP1_PERIPH_RNG (*)
 345:Drivers/STM32L0xx_HAL_Driver/Inc/stm32l0xx_ll_bus.h ****   *         @arg @ref LL_AHB1_GRP1_PERIPH_CRYP (*)
 346:Drivers/STM32L0xx_HAL_Driver/Inc/stm32l0xx_ll_bus.h ****   *
 347:Drivers/STM32L0xx_HAL_Driver/Inc/stm32l0xx_ll_bus.h ****   *         (*) value not defined in all devices.
 348:Drivers/STM32L0xx_HAL_Driver/Inc/stm32l0xx_ll_bus.h ****   * @retval None
 349:Drivers/STM32L0xx_HAL_Driver/Inc/stm32l0xx_ll_bus.h **** */
 350:Drivers/STM32L0xx_HAL_Driver/Inc/stm32l0xx_ll_bus.h **** __STATIC_INLINE void LL_AHB1_GRP1_EnableClockSleep(uint32_t Periphs)
 351:Drivers/STM32L0xx_HAL_Driver/Inc/stm32l0xx_ll_bus.h **** {
 352:Drivers/STM32L0xx_HAL_Driver/Inc/stm32l0xx_ll_bus.h ****   __IO uint32_t tmpreg;
 353:Drivers/STM32L0xx_HAL_Driver/Inc/stm32l0xx_ll_bus.h ****   SET_BIT(RCC->AHBSMENR, Periphs);
 354:Drivers/STM32L0xx_HAL_Driver/Inc/stm32l0xx_ll_bus.h ****   /* Delay after an RCC peripheral clock enabling */
 355:Drivers/STM32L0xx_HAL_Driver/Inc/stm32l0xx_ll_bus.h ****   tmpreg = READ_BIT(RCC->AHBSMENR, Periphs);
 356:Drivers/STM32L0xx_HAL_Driver/Inc/stm32l0xx_ll_bus.h ****   (void)tmpreg;
 357:Drivers/STM32L0xx_HAL_Driver/Inc/stm32l0xx_ll_bus.h **** }
 358:Drivers/STM32L0xx_HAL_Driver/Inc/stm32l0xx_ll_bus.h **** 
 359:Drivers/STM32L0xx_HAL_Driver/Inc/stm32l0xx_ll_bus.h **** /**
 360:Drivers/STM32L0xx_HAL_Driver/Inc/stm32l0xx_ll_bus.h ****   * @brief  Disable AHB1 peripherals clock during Low Power (Sleep) mode.
 361:Drivers/STM32L0xx_HAL_Driver/Inc/stm32l0xx_ll_bus.h ****   * @rmtoll AHBSMENR     DMASMEN       LL_AHB1_GRP1_DisableClockSleep\n
 362:Drivers/STM32L0xx_HAL_Driver/Inc/stm32l0xx_ll_bus.h ****   *         AHBSMENR     MIFSMEN       LL_AHB1_GRP1_DisableClockSleep\n
 363:Drivers/STM32L0xx_HAL_Driver/Inc/stm32l0xx_ll_bus.h ****   *         AHBSMENR     SRAMSMEN      LL_AHB1_GRP1_DisableClockSleep\n
ARM GAS  C:\Users\Nathan\AppData\Local\Temp\cc09Fs34.s 			page 9


 364:Drivers/STM32L0xx_HAL_Driver/Inc/stm32l0xx_ll_bus.h ****   *         AHBSMENR     CRCSMEN       LL_AHB1_GRP1_DisableClockSleep\n
 365:Drivers/STM32L0xx_HAL_Driver/Inc/stm32l0xx_ll_bus.h ****   *         AHBSMENR     TSCSMEN       LL_AHB1_GRP1_DisableClockSleep\n
 366:Drivers/STM32L0xx_HAL_Driver/Inc/stm32l0xx_ll_bus.h ****   *         AHBSMENR     RNGSMEN       LL_AHB1_GRP1_DisableClockSleep\n
 367:Drivers/STM32L0xx_HAL_Driver/Inc/stm32l0xx_ll_bus.h ****   *         AHBSMENR     CRYPSMEN      LL_AHB1_GRP1_DisableClockSleep
 368:Drivers/STM32L0xx_HAL_Driver/Inc/stm32l0xx_ll_bus.h ****   * @param  Periphs This parameter can be a combination of the following values:
 369:Drivers/STM32L0xx_HAL_Driver/Inc/stm32l0xx_ll_bus.h ****   *         @arg @ref LL_AHB1_GRP1_PERIPH_DMA1
 370:Drivers/STM32L0xx_HAL_Driver/Inc/stm32l0xx_ll_bus.h ****   *         @arg @ref LL_AHB1_GRP1_PERIPH_MIF
 371:Drivers/STM32L0xx_HAL_Driver/Inc/stm32l0xx_ll_bus.h ****   *         @arg @ref LL_AHB1_GRP1_PERIPH_SRAM
 372:Drivers/STM32L0xx_HAL_Driver/Inc/stm32l0xx_ll_bus.h ****   *         @arg @ref LL_AHB1_GRP1_PERIPH_CRC
 373:Drivers/STM32L0xx_HAL_Driver/Inc/stm32l0xx_ll_bus.h ****   *         @arg @ref LL_AHB1_GRP1_PERIPH_TSC (*)
 374:Drivers/STM32L0xx_HAL_Driver/Inc/stm32l0xx_ll_bus.h ****   *         @arg @ref LL_AHB1_GRP1_PERIPH_RNG (*)
 375:Drivers/STM32L0xx_HAL_Driver/Inc/stm32l0xx_ll_bus.h ****   *         @arg @ref LL_AHB1_GRP1_PERIPH_CRYP (*)
 376:Drivers/STM32L0xx_HAL_Driver/Inc/stm32l0xx_ll_bus.h ****   *
 377:Drivers/STM32L0xx_HAL_Driver/Inc/stm32l0xx_ll_bus.h ****   *         (*) value not defined in all devices.
 378:Drivers/STM32L0xx_HAL_Driver/Inc/stm32l0xx_ll_bus.h ****   * @retval None
 379:Drivers/STM32L0xx_HAL_Driver/Inc/stm32l0xx_ll_bus.h **** */
 380:Drivers/STM32L0xx_HAL_Driver/Inc/stm32l0xx_ll_bus.h **** __STATIC_INLINE void LL_AHB1_GRP1_DisableClockSleep(uint32_t Periphs)
 381:Drivers/STM32L0xx_HAL_Driver/Inc/stm32l0xx_ll_bus.h **** {
 382:Drivers/STM32L0xx_HAL_Driver/Inc/stm32l0xx_ll_bus.h ****   CLEAR_BIT(RCC->AHBSMENR, Periphs);
 383:Drivers/STM32L0xx_HAL_Driver/Inc/stm32l0xx_ll_bus.h **** }
 384:Drivers/STM32L0xx_HAL_Driver/Inc/stm32l0xx_ll_bus.h **** 
 385:Drivers/STM32L0xx_HAL_Driver/Inc/stm32l0xx_ll_bus.h **** /**
 386:Drivers/STM32L0xx_HAL_Driver/Inc/stm32l0xx_ll_bus.h ****   * @}
 387:Drivers/STM32L0xx_HAL_Driver/Inc/stm32l0xx_ll_bus.h ****   */
 388:Drivers/STM32L0xx_HAL_Driver/Inc/stm32l0xx_ll_bus.h **** 
 389:Drivers/STM32L0xx_HAL_Driver/Inc/stm32l0xx_ll_bus.h **** /** @defgroup BUS_LL_EF_APB1 APB1
 390:Drivers/STM32L0xx_HAL_Driver/Inc/stm32l0xx_ll_bus.h ****   * @{
 391:Drivers/STM32L0xx_HAL_Driver/Inc/stm32l0xx_ll_bus.h ****   */
 392:Drivers/STM32L0xx_HAL_Driver/Inc/stm32l0xx_ll_bus.h **** 
 393:Drivers/STM32L0xx_HAL_Driver/Inc/stm32l0xx_ll_bus.h **** /**
 394:Drivers/STM32L0xx_HAL_Driver/Inc/stm32l0xx_ll_bus.h ****   * @brief  Enable APB1 peripherals clock.
 395:Drivers/STM32L0xx_HAL_Driver/Inc/stm32l0xx_ll_bus.h ****   * @rmtoll APB1ENR     TIM2EN        LL_APB1_GRP1_EnableClock\n
 396:Drivers/STM32L0xx_HAL_Driver/Inc/stm32l0xx_ll_bus.h ****   *         APB1ENR     TIM3EN        LL_APB1_GRP1_EnableClock\n
 397:Drivers/STM32L0xx_HAL_Driver/Inc/stm32l0xx_ll_bus.h ****   *         APB1ENR     TIM6EN        LL_APB1_GRP1_EnableClock\n
 398:Drivers/STM32L0xx_HAL_Driver/Inc/stm32l0xx_ll_bus.h ****   *         APB1ENR     TIM7EN        LL_APB1_GRP1_EnableClock\n
 399:Drivers/STM32L0xx_HAL_Driver/Inc/stm32l0xx_ll_bus.h ****   *         APB1ENR     LCDEN         LL_APB1_GRP1_EnableClock\n
 400:Drivers/STM32L0xx_HAL_Driver/Inc/stm32l0xx_ll_bus.h ****   *         APB1ENR     WWDGEN        LL_APB1_GRP1_EnableClock\n
 401:Drivers/STM32L0xx_HAL_Driver/Inc/stm32l0xx_ll_bus.h ****   *         APB1ENR     SPI2EN        LL_APB1_GRP1_EnableClock\n
 402:Drivers/STM32L0xx_HAL_Driver/Inc/stm32l0xx_ll_bus.h ****   *         APB1ENR     USART2EN      LL_APB1_GRP1_EnableClock\n
 403:Drivers/STM32L0xx_HAL_Driver/Inc/stm32l0xx_ll_bus.h ****   *         APB1ENR     LPUART1EN     LL_APB1_GRP1_EnableClock\n
 404:Drivers/STM32L0xx_HAL_Driver/Inc/stm32l0xx_ll_bus.h ****   *         APB1ENR     USART4EN      LL_APB1_GRP1_EnableClock\n
 405:Drivers/STM32L0xx_HAL_Driver/Inc/stm32l0xx_ll_bus.h ****   *         APB1ENR     USART5EN      LL_APB1_GRP1_EnableClock\n
 406:Drivers/STM32L0xx_HAL_Driver/Inc/stm32l0xx_ll_bus.h ****   *         APB1ENR     I2C1EN        LL_APB1_GRP1_EnableClock\n
 407:Drivers/STM32L0xx_HAL_Driver/Inc/stm32l0xx_ll_bus.h ****   *         APB1ENR     I2C2EN        LL_APB1_GRP1_EnableClock\n
 408:Drivers/STM32L0xx_HAL_Driver/Inc/stm32l0xx_ll_bus.h ****   *         APB1ENR     USBEN         LL_APB1_GRP1_EnableClock\n
 409:Drivers/STM32L0xx_HAL_Driver/Inc/stm32l0xx_ll_bus.h ****   *         APB1ENR     CRSEN         LL_APB1_GRP1_EnableClock\n
 410:Drivers/STM32L0xx_HAL_Driver/Inc/stm32l0xx_ll_bus.h ****   *         APB1ENR     PWREN         LL_APB1_GRP1_EnableClock\n
 411:Drivers/STM32L0xx_HAL_Driver/Inc/stm32l0xx_ll_bus.h ****   *         APB1ENR     DACEN         LL_APB1_GRP1_EnableClock\n
 412:Drivers/STM32L0xx_HAL_Driver/Inc/stm32l0xx_ll_bus.h ****   *         APB1ENR     I2C3EN        LL_APB1_GRP1_EnableClock\n
 413:Drivers/STM32L0xx_HAL_Driver/Inc/stm32l0xx_ll_bus.h ****   *         APB1ENR     LPTIM1EN      LL_APB1_GRP1_EnableClock
 414:Drivers/STM32L0xx_HAL_Driver/Inc/stm32l0xx_ll_bus.h ****   * @param  Periphs This parameter can be a combination of the following values:
 415:Drivers/STM32L0xx_HAL_Driver/Inc/stm32l0xx_ll_bus.h ****   *         @arg @ref LL_APB1_GRP1_PERIPH_TIM2
 416:Drivers/STM32L0xx_HAL_Driver/Inc/stm32l0xx_ll_bus.h ****   *         @arg @ref LL_APB1_GRP1_PERIPH_TIM3 (*)
 417:Drivers/STM32L0xx_HAL_Driver/Inc/stm32l0xx_ll_bus.h ****   *         @arg @ref LL_APB1_GRP1_PERIPH_TIM6 (*)
 418:Drivers/STM32L0xx_HAL_Driver/Inc/stm32l0xx_ll_bus.h ****   *         @arg @ref LL_APB1_GRP1_PERIPH_TIM7 (*)
 419:Drivers/STM32L0xx_HAL_Driver/Inc/stm32l0xx_ll_bus.h ****   *         @arg @ref LL_APB1_GRP1_PERIPH_LCD (*)
 420:Drivers/STM32L0xx_HAL_Driver/Inc/stm32l0xx_ll_bus.h ****   *         @arg @ref LL_APB1_GRP1_PERIPH_WWDG
ARM GAS  C:\Users\Nathan\AppData\Local\Temp\cc09Fs34.s 			page 10


 421:Drivers/STM32L0xx_HAL_Driver/Inc/stm32l0xx_ll_bus.h ****   *         @arg @ref LL_APB1_GRP1_PERIPH_SPI2 (*)
 422:Drivers/STM32L0xx_HAL_Driver/Inc/stm32l0xx_ll_bus.h ****   *         @arg @ref LL_APB1_GRP1_PERIPH_USART2
 423:Drivers/STM32L0xx_HAL_Driver/Inc/stm32l0xx_ll_bus.h ****   *         @arg @ref LL_APB1_GRP1_PERIPH_LPUART1
 424:Drivers/STM32L0xx_HAL_Driver/Inc/stm32l0xx_ll_bus.h ****   *         @arg @ref LL_APB1_GRP1_PERIPH_USART4 (*)
 425:Drivers/STM32L0xx_HAL_Driver/Inc/stm32l0xx_ll_bus.h ****   *         @arg @ref LL_APB1_GRP1_PERIPH_USART5 (*)
 426:Drivers/STM32L0xx_HAL_Driver/Inc/stm32l0xx_ll_bus.h ****   *         @arg @ref LL_APB1_GRP1_PERIPH_I2C1
 427:Drivers/STM32L0xx_HAL_Driver/Inc/stm32l0xx_ll_bus.h ****   *         @arg @ref LL_APB1_GRP1_PERIPH_I2C2 (*)
 428:Drivers/STM32L0xx_HAL_Driver/Inc/stm32l0xx_ll_bus.h ****   *         @arg @ref LL_APB1_GRP1_PERIPH_USB (*)
 429:Drivers/STM32L0xx_HAL_Driver/Inc/stm32l0xx_ll_bus.h ****   *         @arg @ref LL_APB1_GRP1_PERIPH_CRS (*)
 430:Drivers/STM32L0xx_HAL_Driver/Inc/stm32l0xx_ll_bus.h ****   *         @arg @ref LL_APB1_GRP1_PERIPH_PWR
 431:Drivers/STM32L0xx_HAL_Driver/Inc/stm32l0xx_ll_bus.h ****   *         @arg @ref LL_APB1_GRP1_PERIPH_DAC1 (*)
 432:Drivers/STM32L0xx_HAL_Driver/Inc/stm32l0xx_ll_bus.h ****   *         @arg @ref LL_APB1_GRP1_PERIPH_I2C3 (*)
 433:Drivers/STM32L0xx_HAL_Driver/Inc/stm32l0xx_ll_bus.h ****   *         @arg @ref LL_APB1_GRP1_PERIPH_LPTIM1
 434:Drivers/STM32L0xx_HAL_Driver/Inc/stm32l0xx_ll_bus.h ****   *
 435:Drivers/STM32L0xx_HAL_Driver/Inc/stm32l0xx_ll_bus.h ****   *         (*) value not defined in all devices.
 436:Drivers/STM32L0xx_HAL_Driver/Inc/stm32l0xx_ll_bus.h ****   * @retval None
 437:Drivers/STM32L0xx_HAL_Driver/Inc/stm32l0xx_ll_bus.h **** */
 438:Drivers/STM32L0xx_HAL_Driver/Inc/stm32l0xx_ll_bus.h **** __STATIC_INLINE void LL_APB1_GRP1_EnableClock(uint32_t Periphs)
 439:Drivers/STM32L0xx_HAL_Driver/Inc/stm32l0xx_ll_bus.h **** {
 440:Drivers/STM32L0xx_HAL_Driver/Inc/stm32l0xx_ll_bus.h ****   __IO uint32_t tmpreg;
 441:Drivers/STM32L0xx_HAL_Driver/Inc/stm32l0xx_ll_bus.h ****   SET_BIT(RCC->APB1ENR, Periphs);
 442:Drivers/STM32L0xx_HAL_Driver/Inc/stm32l0xx_ll_bus.h ****   /* Delay after an RCC peripheral clock enabling */
 443:Drivers/STM32L0xx_HAL_Driver/Inc/stm32l0xx_ll_bus.h ****   tmpreg = READ_BIT(RCC->APB1ENR, Periphs);
 444:Drivers/STM32L0xx_HAL_Driver/Inc/stm32l0xx_ll_bus.h ****   (void)tmpreg;
 445:Drivers/STM32L0xx_HAL_Driver/Inc/stm32l0xx_ll_bus.h **** }
 446:Drivers/STM32L0xx_HAL_Driver/Inc/stm32l0xx_ll_bus.h **** 
 447:Drivers/STM32L0xx_HAL_Driver/Inc/stm32l0xx_ll_bus.h **** /**
 448:Drivers/STM32L0xx_HAL_Driver/Inc/stm32l0xx_ll_bus.h ****   * @brief  Check if APB1 peripheral clock is enabled or not
 449:Drivers/STM32L0xx_HAL_Driver/Inc/stm32l0xx_ll_bus.h ****   * @rmtoll APB1ENR     TIM2EN        LL_APB1_GRP1_IsEnabledClock\n
 450:Drivers/STM32L0xx_HAL_Driver/Inc/stm32l0xx_ll_bus.h ****   *         APB1ENR     TIM3EN        LL_APB1_GRP1_IsEnabledClock\n
 451:Drivers/STM32L0xx_HAL_Driver/Inc/stm32l0xx_ll_bus.h ****   *         APB1ENR     TIM6EN        LL_APB1_GRP1_IsEnabledClock\n
 452:Drivers/STM32L0xx_HAL_Driver/Inc/stm32l0xx_ll_bus.h ****   *         APB1ENR     TIM7EN        LL_APB1_GRP1_IsEnabledClock\n
 453:Drivers/STM32L0xx_HAL_Driver/Inc/stm32l0xx_ll_bus.h ****   *         APB1ENR     LCDEN         LL_APB1_GRP1_IsEnabledClock\n
 454:Drivers/STM32L0xx_HAL_Driver/Inc/stm32l0xx_ll_bus.h ****   *         APB1ENR     WWDGEN        LL_APB1_GRP1_IsEnabledClock\n
 455:Drivers/STM32L0xx_HAL_Driver/Inc/stm32l0xx_ll_bus.h ****   *         APB1ENR     SPI2EN        LL_APB1_GRP1_IsEnabledClock\n
 456:Drivers/STM32L0xx_HAL_Driver/Inc/stm32l0xx_ll_bus.h ****   *         APB1ENR     USART2EN      LL_APB1_GRP1_IsEnabledClock\n
 457:Drivers/STM32L0xx_HAL_Driver/Inc/stm32l0xx_ll_bus.h ****   *         APB1ENR     LPUART1EN     LL_APB1_GRP1_IsEnabledClock\n
 458:Drivers/STM32L0xx_HAL_Driver/Inc/stm32l0xx_ll_bus.h ****   *         APB1ENR     USART4EN      LL_APB1_GRP1_IsEnabledClock\n
 459:Drivers/STM32L0xx_HAL_Driver/Inc/stm32l0xx_ll_bus.h ****   *         APB1ENR     USART5EN      LL_APB1_GRP1_IsEnabledClock\n
 460:Drivers/STM32L0xx_HAL_Driver/Inc/stm32l0xx_ll_bus.h ****   *         APB1ENR     I2C1EN        LL_APB1_GRP1_IsEnabledClock\n
 461:Drivers/STM32L0xx_HAL_Driver/Inc/stm32l0xx_ll_bus.h ****   *         APB1ENR     I2C2EN        LL_APB1_GRP1_IsEnabledClock\n
 462:Drivers/STM32L0xx_HAL_Driver/Inc/stm32l0xx_ll_bus.h ****   *         APB1ENR     USBEN         LL_APB1_GRP1_IsEnabledClock\n
 463:Drivers/STM32L0xx_HAL_Driver/Inc/stm32l0xx_ll_bus.h ****   *         APB1ENR     CRSEN         LL_APB1_GRP1_IsEnabledClock\n
 464:Drivers/STM32L0xx_HAL_Driver/Inc/stm32l0xx_ll_bus.h ****   *         APB1ENR     PWREN         LL_APB1_GRP1_IsEnabledClock\n
 465:Drivers/STM32L0xx_HAL_Driver/Inc/stm32l0xx_ll_bus.h ****   *         APB1ENR     DACEN         LL_APB1_GRP1_IsEnabledClock\n
 466:Drivers/STM32L0xx_HAL_Driver/Inc/stm32l0xx_ll_bus.h ****   *         APB1ENR     I2C3EN        LL_APB1_GRP1_IsEnabledClock\n
 467:Drivers/STM32L0xx_HAL_Driver/Inc/stm32l0xx_ll_bus.h ****   *         APB1ENR     LPTIM1EN      LL_APB1_GRP1_IsEnabledClock
 468:Drivers/STM32L0xx_HAL_Driver/Inc/stm32l0xx_ll_bus.h ****   * @param  Periphs This parameter can be a combination of the following values:
 469:Drivers/STM32L0xx_HAL_Driver/Inc/stm32l0xx_ll_bus.h ****   *         @arg @ref LL_APB1_GRP1_PERIPH_TIM2
 470:Drivers/STM32L0xx_HAL_Driver/Inc/stm32l0xx_ll_bus.h ****   *         @arg @ref LL_APB1_GRP1_PERIPH_TIM3 (*)
 471:Drivers/STM32L0xx_HAL_Driver/Inc/stm32l0xx_ll_bus.h ****   *         @arg @ref LL_APB1_GRP1_PERIPH_TIM6 (*)
 472:Drivers/STM32L0xx_HAL_Driver/Inc/stm32l0xx_ll_bus.h ****   *         @arg @ref LL_APB1_GRP1_PERIPH_TIM7 (*)
 473:Drivers/STM32L0xx_HAL_Driver/Inc/stm32l0xx_ll_bus.h ****   *         @arg @ref LL_APB1_GRP1_PERIPH_LCD (*)
 474:Drivers/STM32L0xx_HAL_Driver/Inc/stm32l0xx_ll_bus.h ****   *         @arg @ref LL_APB1_GRP1_PERIPH_WWDG
 475:Drivers/STM32L0xx_HAL_Driver/Inc/stm32l0xx_ll_bus.h ****   *         @arg @ref LL_APB1_GRP1_PERIPH_SPI2 (*)
 476:Drivers/STM32L0xx_HAL_Driver/Inc/stm32l0xx_ll_bus.h ****   *         @arg @ref LL_APB1_GRP1_PERIPH_USART2
 477:Drivers/STM32L0xx_HAL_Driver/Inc/stm32l0xx_ll_bus.h ****   *         @arg @ref LL_APB1_GRP1_PERIPH_LPUART1
ARM GAS  C:\Users\Nathan\AppData\Local\Temp\cc09Fs34.s 			page 11


 478:Drivers/STM32L0xx_HAL_Driver/Inc/stm32l0xx_ll_bus.h ****   *         @arg @ref LL_APB1_GRP1_PERIPH_USART4 (*)
 479:Drivers/STM32L0xx_HAL_Driver/Inc/stm32l0xx_ll_bus.h ****   *         @arg @ref LL_APB1_GRP1_PERIPH_USART5 (*)
 480:Drivers/STM32L0xx_HAL_Driver/Inc/stm32l0xx_ll_bus.h ****   *         @arg @ref LL_APB1_GRP1_PERIPH_I2C1
 481:Drivers/STM32L0xx_HAL_Driver/Inc/stm32l0xx_ll_bus.h ****   *         @arg @ref LL_APB1_GRP1_PERIPH_I2C2 (*)
 482:Drivers/STM32L0xx_HAL_Driver/Inc/stm32l0xx_ll_bus.h ****   *         @arg @ref LL_APB1_GRP1_PERIPH_USB (*)
 483:Drivers/STM32L0xx_HAL_Driver/Inc/stm32l0xx_ll_bus.h ****   *         @arg @ref LL_APB1_GRP1_PERIPH_CRS (*)
 484:Drivers/STM32L0xx_HAL_Driver/Inc/stm32l0xx_ll_bus.h ****   *         @arg @ref LL_APB1_GRP1_PERIPH_PWR
 485:Drivers/STM32L0xx_HAL_Driver/Inc/stm32l0xx_ll_bus.h ****   *         @arg @ref LL_APB1_GRP1_PERIPH_DAC1 (*)
 486:Drivers/STM32L0xx_HAL_Driver/Inc/stm32l0xx_ll_bus.h ****   *         @arg @ref LL_APB1_GRP1_PERIPH_I2C3 (*)
 487:Drivers/STM32L0xx_HAL_Driver/Inc/stm32l0xx_ll_bus.h ****   *         @arg @ref LL_APB1_GRP1_PERIPH_LPTIM1
 488:Drivers/STM32L0xx_HAL_Driver/Inc/stm32l0xx_ll_bus.h ****   *
 489:Drivers/STM32L0xx_HAL_Driver/Inc/stm32l0xx_ll_bus.h ****   *         (*) value not defined in all devices.
 490:Drivers/STM32L0xx_HAL_Driver/Inc/stm32l0xx_ll_bus.h ****   * @retval State of Periphs (1 or 0).
 491:Drivers/STM32L0xx_HAL_Driver/Inc/stm32l0xx_ll_bus.h **** */
 492:Drivers/STM32L0xx_HAL_Driver/Inc/stm32l0xx_ll_bus.h **** __STATIC_INLINE uint32_t LL_APB1_GRP1_IsEnabledClock(uint32_t Periphs)
 493:Drivers/STM32L0xx_HAL_Driver/Inc/stm32l0xx_ll_bus.h **** {
 494:Drivers/STM32L0xx_HAL_Driver/Inc/stm32l0xx_ll_bus.h ****   return ((READ_BIT(RCC->APB1ENR, Periphs) == (Periphs)) ? 1UL : 0UL);
 495:Drivers/STM32L0xx_HAL_Driver/Inc/stm32l0xx_ll_bus.h **** }
 496:Drivers/STM32L0xx_HAL_Driver/Inc/stm32l0xx_ll_bus.h **** 
 497:Drivers/STM32L0xx_HAL_Driver/Inc/stm32l0xx_ll_bus.h **** /**
 498:Drivers/STM32L0xx_HAL_Driver/Inc/stm32l0xx_ll_bus.h ****   * @brief  Disable APB1 peripherals clock.
 499:Drivers/STM32L0xx_HAL_Driver/Inc/stm32l0xx_ll_bus.h ****   * @rmtoll APB1ENR     TIM2EN        LL_APB1_GRP1_DisableClock\n
 500:Drivers/STM32L0xx_HAL_Driver/Inc/stm32l0xx_ll_bus.h ****   *         APB1ENR     TIM3EN        LL_APB1_GRP1_DisableClock\n
 501:Drivers/STM32L0xx_HAL_Driver/Inc/stm32l0xx_ll_bus.h ****   *         APB1ENR     TIM6EN        LL_APB1_GRP1_DisableClock\n
 502:Drivers/STM32L0xx_HAL_Driver/Inc/stm32l0xx_ll_bus.h ****   *         APB1ENR     TIM7EN        LL_APB1_GRP1_DisableClock\n
 503:Drivers/STM32L0xx_HAL_Driver/Inc/stm32l0xx_ll_bus.h ****   *         APB1ENR     LCDEN         LL_APB1_GRP1_DisableClock\n
 504:Drivers/STM32L0xx_HAL_Driver/Inc/stm32l0xx_ll_bus.h ****   *         APB1ENR     WWDGEN        LL_APB1_GRP1_DisableClock\n
 505:Drivers/STM32L0xx_HAL_Driver/Inc/stm32l0xx_ll_bus.h ****   *         APB1ENR     SPI2EN        LL_APB1_GRP1_DisableClock\n
 506:Drivers/STM32L0xx_HAL_Driver/Inc/stm32l0xx_ll_bus.h ****   *         APB1ENR     USART2EN      LL_APB1_GRP1_DisableClock\n
 507:Drivers/STM32L0xx_HAL_Driver/Inc/stm32l0xx_ll_bus.h ****   *         APB1ENR     LPUART1EN     LL_APB1_GRP1_DisableClock\n
 508:Drivers/STM32L0xx_HAL_Driver/Inc/stm32l0xx_ll_bus.h ****   *         APB1ENR     USART4EN      LL_APB1_GRP1_DisableClock\n
 509:Drivers/STM32L0xx_HAL_Driver/Inc/stm32l0xx_ll_bus.h ****   *         APB1ENR     USART5EN      LL_APB1_GRP1_DisableClock\n
 510:Drivers/STM32L0xx_HAL_Driver/Inc/stm32l0xx_ll_bus.h ****   *         APB1ENR     I2C1EN        LL_APB1_GRP1_DisableClock\n
 511:Drivers/STM32L0xx_HAL_Driver/Inc/stm32l0xx_ll_bus.h ****   *         APB1ENR     I2C2EN        LL_APB1_GRP1_DisableClock\n
 512:Drivers/STM32L0xx_HAL_Driver/Inc/stm32l0xx_ll_bus.h ****   *         APB1ENR     USBEN         LL_APB1_GRP1_DisableClock\n
 513:Drivers/STM32L0xx_HAL_Driver/Inc/stm32l0xx_ll_bus.h ****   *         APB1ENR     CRSEN         LL_APB1_GRP1_DisableClock\n
 514:Drivers/STM32L0xx_HAL_Driver/Inc/stm32l0xx_ll_bus.h ****   *         APB1ENR     PWREN         LL_APB1_GRP1_DisableClock\n
 515:Drivers/STM32L0xx_HAL_Driver/Inc/stm32l0xx_ll_bus.h ****   *         APB1ENR     DACEN         LL_APB1_GRP1_DisableClock\n
 516:Drivers/STM32L0xx_HAL_Driver/Inc/stm32l0xx_ll_bus.h ****   *         APB1ENR     I2C3EN        LL_APB1_GRP1_DisableClock\n
 517:Drivers/STM32L0xx_HAL_Driver/Inc/stm32l0xx_ll_bus.h ****   *         APB1ENR     LPTIM1EN      LL_APB1_GRP1_DisableClock
 518:Drivers/STM32L0xx_HAL_Driver/Inc/stm32l0xx_ll_bus.h ****   * @param  Periphs This parameter can be a combination of the following values:
 519:Drivers/STM32L0xx_HAL_Driver/Inc/stm32l0xx_ll_bus.h ****   *         @arg @ref LL_APB1_GRP1_PERIPH_TIM2
 520:Drivers/STM32L0xx_HAL_Driver/Inc/stm32l0xx_ll_bus.h ****   *         @arg @ref LL_APB1_GRP1_PERIPH_TIM3 (*)
 521:Drivers/STM32L0xx_HAL_Driver/Inc/stm32l0xx_ll_bus.h ****   *         @arg @ref LL_APB1_GRP1_PERIPH_TIM6 (*)
 522:Drivers/STM32L0xx_HAL_Driver/Inc/stm32l0xx_ll_bus.h ****   *         @arg @ref LL_APB1_GRP1_PERIPH_TIM7 (*)
 523:Drivers/STM32L0xx_HAL_Driver/Inc/stm32l0xx_ll_bus.h ****   *         @arg @ref LL_APB1_GRP1_PERIPH_LCD (*)
 524:Drivers/STM32L0xx_HAL_Driver/Inc/stm32l0xx_ll_bus.h ****   *         @arg @ref LL_APB1_GRP1_PERIPH_WWDG
 525:Drivers/STM32L0xx_HAL_Driver/Inc/stm32l0xx_ll_bus.h ****   *         @arg @ref LL_APB1_GRP1_PERIPH_SPI2 (*)
 526:Drivers/STM32L0xx_HAL_Driver/Inc/stm32l0xx_ll_bus.h ****   *         @arg @ref LL_APB1_GRP1_PERIPH_USART2
 527:Drivers/STM32L0xx_HAL_Driver/Inc/stm32l0xx_ll_bus.h ****   *         @arg @ref LL_APB1_GRP1_PERIPH_LPUART1
 528:Drivers/STM32L0xx_HAL_Driver/Inc/stm32l0xx_ll_bus.h ****   *         @arg @ref LL_APB1_GRP1_PERIPH_USART4 (*)
 529:Drivers/STM32L0xx_HAL_Driver/Inc/stm32l0xx_ll_bus.h ****   *         @arg @ref LL_APB1_GRP1_PERIPH_USART5 (*)
 530:Drivers/STM32L0xx_HAL_Driver/Inc/stm32l0xx_ll_bus.h ****   *         @arg @ref LL_APB1_GRP1_PERIPH_I2C1
 531:Drivers/STM32L0xx_HAL_Driver/Inc/stm32l0xx_ll_bus.h ****   *         @arg @ref LL_APB1_GRP1_PERIPH_I2C2 (*)
 532:Drivers/STM32L0xx_HAL_Driver/Inc/stm32l0xx_ll_bus.h ****   *         @arg @ref LL_APB1_GRP1_PERIPH_USB (*)
 533:Drivers/STM32L0xx_HAL_Driver/Inc/stm32l0xx_ll_bus.h ****   *         @arg @ref LL_APB1_GRP1_PERIPH_CRS (*)
 534:Drivers/STM32L0xx_HAL_Driver/Inc/stm32l0xx_ll_bus.h ****   *         @arg @ref LL_APB1_GRP1_PERIPH_PWR
ARM GAS  C:\Users\Nathan\AppData\Local\Temp\cc09Fs34.s 			page 12


 535:Drivers/STM32L0xx_HAL_Driver/Inc/stm32l0xx_ll_bus.h ****   *         @arg @ref LL_APB1_GRP1_PERIPH_DAC1 (*)
 536:Drivers/STM32L0xx_HAL_Driver/Inc/stm32l0xx_ll_bus.h ****   *         @arg @ref LL_APB1_GRP1_PERIPH_I2C3 (*)
 537:Drivers/STM32L0xx_HAL_Driver/Inc/stm32l0xx_ll_bus.h ****   *         @arg @ref LL_APB1_GRP1_PERIPH_LPTIM1
 538:Drivers/STM32L0xx_HAL_Driver/Inc/stm32l0xx_ll_bus.h ****   *
 539:Drivers/STM32L0xx_HAL_Driver/Inc/stm32l0xx_ll_bus.h ****   *         (*) value not defined in all devices.
 540:Drivers/STM32L0xx_HAL_Driver/Inc/stm32l0xx_ll_bus.h ****   * @retval None
 541:Drivers/STM32L0xx_HAL_Driver/Inc/stm32l0xx_ll_bus.h **** */
 542:Drivers/STM32L0xx_HAL_Driver/Inc/stm32l0xx_ll_bus.h **** __STATIC_INLINE void LL_APB1_GRP1_DisableClock(uint32_t Periphs)
 543:Drivers/STM32L0xx_HAL_Driver/Inc/stm32l0xx_ll_bus.h **** {
 544:Drivers/STM32L0xx_HAL_Driver/Inc/stm32l0xx_ll_bus.h ****   CLEAR_BIT(RCC->APB1ENR, Periphs);
 545:Drivers/STM32L0xx_HAL_Driver/Inc/stm32l0xx_ll_bus.h **** }
 546:Drivers/STM32L0xx_HAL_Driver/Inc/stm32l0xx_ll_bus.h **** 
 547:Drivers/STM32L0xx_HAL_Driver/Inc/stm32l0xx_ll_bus.h **** /**
 548:Drivers/STM32L0xx_HAL_Driver/Inc/stm32l0xx_ll_bus.h ****   * @brief  Force APB1 peripherals reset.
 549:Drivers/STM32L0xx_HAL_Driver/Inc/stm32l0xx_ll_bus.h ****   * @rmtoll APB1RSTR     TIM2RST        LL_APB1_GRP1_ForceReset\n
 550:Drivers/STM32L0xx_HAL_Driver/Inc/stm32l0xx_ll_bus.h ****   *         APB1RSTR     TIM3RST        LL_APB1_GRP1_ForceReset\n
 551:Drivers/STM32L0xx_HAL_Driver/Inc/stm32l0xx_ll_bus.h ****   *         APB1RSTR     TIM6RST        LL_APB1_GRP1_ForceReset\n
 552:Drivers/STM32L0xx_HAL_Driver/Inc/stm32l0xx_ll_bus.h ****   *         APB1RSTR     TIM7RST        LL_APB1_GRP1_ForceReset\n
 553:Drivers/STM32L0xx_HAL_Driver/Inc/stm32l0xx_ll_bus.h ****   *         APB1RSTR     LCDRST         LL_APB1_GRP1_ForceReset\n
 554:Drivers/STM32L0xx_HAL_Driver/Inc/stm32l0xx_ll_bus.h ****   *         APB1RSTR     WWDGRST        LL_APB1_GRP1_ForceReset\n
 555:Drivers/STM32L0xx_HAL_Driver/Inc/stm32l0xx_ll_bus.h ****   *         APB1RSTR     SPI2RST        LL_APB1_GRP1_ForceReset\n
 556:Drivers/STM32L0xx_HAL_Driver/Inc/stm32l0xx_ll_bus.h ****   *         APB1RSTR     USART2RST      LL_APB1_GRP1_ForceReset\n
 557:Drivers/STM32L0xx_HAL_Driver/Inc/stm32l0xx_ll_bus.h ****   *         APB1RSTR     LPUART1RST     LL_APB1_GRP1_ForceReset\n
 558:Drivers/STM32L0xx_HAL_Driver/Inc/stm32l0xx_ll_bus.h ****   *         APB1RSTR     USART4RST      LL_APB1_GRP1_ForceReset\n
 559:Drivers/STM32L0xx_HAL_Driver/Inc/stm32l0xx_ll_bus.h ****   *         APB1RSTR     USART5RST      LL_APB1_GRP1_ForceReset\n
 560:Drivers/STM32L0xx_HAL_Driver/Inc/stm32l0xx_ll_bus.h ****   *         APB1RSTR     I2C1RST        LL_APB1_GRP1_ForceReset\n
 561:Drivers/STM32L0xx_HAL_Driver/Inc/stm32l0xx_ll_bus.h ****   *         APB1RSTR     I2C2RST        LL_APB1_GRP1_ForceReset\n
 562:Drivers/STM32L0xx_HAL_Driver/Inc/stm32l0xx_ll_bus.h ****   *         APB1RSTR     USBRST         LL_APB1_GRP1_ForceReset\n
 563:Drivers/STM32L0xx_HAL_Driver/Inc/stm32l0xx_ll_bus.h ****   *         APB1RSTR     CRSRST         LL_APB1_GRP1_ForceReset\n
 564:Drivers/STM32L0xx_HAL_Driver/Inc/stm32l0xx_ll_bus.h ****   *         APB1RSTR     PWRRST         LL_APB1_GRP1_ForceReset\n
 565:Drivers/STM32L0xx_HAL_Driver/Inc/stm32l0xx_ll_bus.h ****   *         APB1RSTR     DACRST         LL_APB1_GRP1_ForceReset\n
 566:Drivers/STM32L0xx_HAL_Driver/Inc/stm32l0xx_ll_bus.h ****   *         APB1RSTR     I2C3RST        LL_APB1_GRP1_ForceReset\n
 567:Drivers/STM32L0xx_HAL_Driver/Inc/stm32l0xx_ll_bus.h ****   *         APB1RSTR     LPTIM1RST      LL_APB1_GRP1_ForceReset
 568:Drivers/STM32L0xx_HAL_Driver/Inc/stm32l0xx_ll_bus.h ****   * @param  Periphs This parameter can be a combination of the following values:
 569:Drivers/STM32L0xx_HAL_Driver/Inc/stm32l0xx_ll_bus.h ****   *         @arg @ref LL_APB1_GRP1_PERIPH_ALL
 570:Drivers/STM32L0xx_HAL_Driver/Inc/stm32l0xx_ll_bus.h ****   *         @arg @ref LL_APB1_GRP1_PERIPH_TIM2
 571:Drivers/STM32L0xx_HAL_Driver/Inc/stm32l0xx_ll_bus.h ****   *         @arg @ref LL_APB1_GRP1_PERIPH_TIM3 (*)
 572:Drivers/STM32L0xx_HAL_Driver/Inc/stm32l0xx_ll_bus.h ****   *         @arg @ref LL_APB1_GRP1_PERIPH_TIM6 (*)
 573:Drivers/STM32L0xx_HAL_Driver/Inc/stm32l0xx_ll_bus.h ****   *         @arg @ref LL_APB1_GRP1_PERIPH_TIM7 (*)
 574:Drivers/STM32L0xx_HAL_Driver/Inc/stm32l0xx_ll_bus.h ****   *         @arg @ref LL_APB1_GRP1_PERIPH_LCD (*)
 575:Drivers/STM32L0xx_HAL_Driver/Inc/stm32l0xx_ll_bus.h ****   *         @arg @ref LL_APB1_GRP1_PERIPH_WWDG
 576:Drivers/STM32L0xx_HAL_Driver/Inc/stm32l0xx_ll_bus.h ****   *         @arg @ref LL_APB1_GRP1_PERIPH_SPI2 (*)
 577:Drivers/STM32L0xx_HAL_Driver/Inc/stm32l0xx_ll_bus.h ****   *         @arg @ref LL_APB1_GRP1_PERIPH_USART2
 578:Drivers/STM32L0xx_HAL_Driver/Inc/stm32l0xx_ll_bus.h ****   *         @arg @ref LL_APB1_GRP1_PERIPH_LPUART1
 579:Drivers/STM32L0xx_HAL_Driver/Inc/stm32l0xx_ll_bus.h ****   *         @arg @ref LL_APB1_GRP1_PERIPH_USART4 (*)
 580:Drivers/STM32L0xx_HAL_Driver/Inc/stm32l0xx_ll_bus.h ****   *         @arg @ref LL_APB1_GRP1_PERIPH_USART5 (*)
 581:Drivers/STM32L0xx_HAL_Driver/Inc/stm32l0xx_ll_bus.h ****   *         @arg @ref LL_APB1_GRP1_PERIPH_I2C1
 582:Drivers/STM32L0xx_HAL_Driver/Inc/stm32l0xx_ll_bus.h ****   *         @arg @ref LL_APB1_GRP1_PERIPH_I2C2 (*)
 583:Drivers/STM32L0xx_HAL_Driver/Inc/stm32l0xx_ll_bus.h ****   *         @arg @ref LL_APB1_GRP1_PERIPH_USB (*)
 584:Drivers/STM32L0xx_HAL_Driver/Inc/stm32l0xx_ll_bus.h ****   *         @arg @ref LL_APB1_GRP1_PERIPH_CRS (*)
 585:Drivers/STM32L0xx_HAL_Driver/Inc/stm32l0xx_ll_bus.h ****   *         @arg @ref LL_APB1_GRP1_PERIPH_PWR
 586:Drivers/STM32L0xx_HAL_Driver/Inc/stm32l0xx_ll_bus.h ****   *         @arg @ref LL_APB1_GRP1_PERIPH_DAC1 (*)
 587:Drivers/STM32L0xx_HAL_Driver/Inc/stm32l0xx_ll_bus.h ****   *         @arg @ref LL_APB1_GRP1_PERIPH_I2C3 (*)
 588:Drivers/STM32L0xx_HAL_Driver/Inc/stm32l0xx_ll_bus.h ****   *         @arg @ref LL_APB1_GRP1_PERIPH_LPTIM1
 589:Drivers/STM32L0xx_HAL_Driver/Inc/stm32l0xx_ll_bus.h ****   *
 590:Drivers/STM32L0xx_HAL_Driver/Inc/stm32l0xx_ll_bus.h ****   *         (*) value not defined in all devices.
 591:Drivers/STM32L0xx_HAL_Driver/Inc/stm32l0xx_ll_bus.h ****   * @retval None
ARM GAS  C:\Users\Nathan\AppData\Local\Temp\cc09Fs34.s 			page 13


 592:Drivers/STM32L0xx_HAL_Driver/Inc/stm32l0xx_ll_bus.h **** */
 593:Drivers/STM32L0xx_HAL_Driver/Inc/stm32l0xx_ll_bus.h **** __STATIC_INLINE void LL_APB1_GRP1_ForceReset(uint32_t Periphs)
  37              		.loc 2 593 22 view .LVU2
  38              	.LBB7:
 594:Drivers/STM32L0xx_HAL_Driver/Inc/stm32l0xx_ll_bus.h **** {
 595:Drivers/STM32L0xx_HAL_Driver/Inc/stm32l0xx_ll_bus.h ****   SET_BIT(RCC->APB1RSTR, Periphs);
  39              		.loc 2 595 3 view .LVU3
  40 0000 054B     		ldr	r3, .L2
  41 0002 996A     		ldr	r1, [r3, #40]
  42 0004 8022     		movs	r2, #128
  43 0006 5205     		lsls	r2, r2, #21
  44 0008 0A43     		orrs	r2, r1
  45 000a 9A62     		str	r2, [r3, #40]
  46              	.LVL1:
  47              		.loc 2 595 3 is_stmt 0 view .LVU4
  48              	.LBE7:
  49              	.LBE6:
  59:Drivers/STM32L0xx_HAL_Driver/Src/stm32l0xx_ll_pwr.c **** 
  60:Drivers/STM32L0xx_HAL_Driver/Src/stm32l0xx_ll_pwr.c ****   /* Release reset of PWR clock */
  61:Drivers/STM32L0xx_HAL_Driver/Src/stm32l0xx_ll_pwr.c ****   LL_APB1_GRP1_ReleaseReset(LL_APB1_GRP1_PERIPH_PWR);
  50              		.loc 1 61 3 is_stmt 1 view .LVU5
  51              	.LBB8:
  52              	.LBI8:
 596:Drivers/STM32L0xx_HAL_Driver/Inc/stm32l0xx_ll_bus.h **** }
 597:Drivers/STM32L0xx_HAL_Driver/Inc/stm32l0xx_ll_bus.h **** 
 598:Drivers/STM32L0xx_HAL_Driver/Inc/stm32l0xx_ll_bus.h **** /**
 599:Drivers/STM32L0xx_HAL_Driver/Inc/stm32l0xx_ll_bus.h ****   * @brief  Release APB1 peripherals reset.
 600:Drivers/STM32L0xx_HAL_Driver/Inc/stm32l0xx_ll_bus.h ****   * @rmtoll APB1RSTR     TIM2RST        LL_APB1_GRP1_ReleaseReset\n
 601:Drivers/STM32L0xx_HAL_Driver/Inc/stm32l0xx_ll_bus.h ****   *         APB1RSTR     TIM3RST        LL_APB1_GRP1_ReleaseReset\n
 602:Drivers/STM32L0xx_HAL_Driver/Inc/stm32l0xx_ll_bus.h ****   *         APB1RSTR     TIM6RST        LL_APB1_GRP1_ReleaseReset\n
 603:Drivers/STM32L0xx_HAL_Driver/Inc/stm32l0xx_ll_bus.h ****   *         APB1RSTR     TIM7RST        LL_APB1_GRP1_ReleaseReset\n
 604:Drivers/STM32L0xx_HAL_Driver/Inc/stm32l0xx_ll_bus.h ****   *         APB1RSTR     LCDRST         LL_APB1_GRP1_ReleaseReset\n
 605:Drivers/STM32L0xx_HAL_Driver/Inc/stm32l0xx_ll_bus.h ****   *         APB1RSTR     WWDGRST        LL_APB1_GRP1_ReleaseReset\n
 606:Drivers/STM32L0xx_HAL_Driver/Inc/stm32l0xx_ll_bus.h ****   *         APB1RSTR     SPI2RST        LL_APB1_GRP1_ReleaseReset\n
 607:Drivers/STM32L0xx_HAL_Driver/Inc/stm32l0xx_ll_bus.h ****   *         APB1RSTR     USART2RST      LL_APB1_GRP1_ReleaseReset\n
 608:Drivers/STM32L0xx_HAL_Driver/Inc/stm32l0xx_ll_bus.h ****   *         APB1RSTR     LPUART1RST     LL_APB1_GRP1_ReleaseReset\n
 609:Drivers/STM32L0xx_HAL_Driver/Inc/stm32l0xx_ll_bus.h ****   *         APB1RSTR     USART4RST      LL_APB1_GRP1_ReleaseReset\n
 610:Drivers/STM32L0xx_HAL_Driver/Inc/stm32l0xx_ll_bus.h ****   *         APB1RSTR     USART5RST      LL_APB1_GRP1_ReleaseReset\n
 611:Drivers/STM32L0xx_HAL_Driver/Inc/stm32l0xx_ll_bus.h ****   *         APB1RSTR     I2C1RST        LL_APB1_GRP1_ReleaseReset\n
 612:Drivers/STM32L0xx_HAL_Driver/Inc/stm32l0xx_ll_bus.h ****   *         APB1RSTR     I2C2RST        LL_APB1_GRP1_ReleaseReset\n
 613:Drivers/STM32L0xx_HAL_Driver/Inc/stm32l0xx_ll_bus.h ****   *         APB1RSTR     USBRST         LL_APB1_GRP1_ReleaseReset\n
 614:Drivers/STM32L0xx_HAL_Driver/Inc/stm32l0xx_ll_bus.h ****   *         APB1RSTR     CRSRST         LL_APB1_GRP1_ReleaseReset\n
 615:Drivers/STM32L0xx_HAL_Driver/Inc/stm32l0xx_ll_bus.h ****   *         APB1RSTR     PWRRST         LL_APB1_GRP1_ReleaseReset\n
 616:Drivers/STM32L0xx_HAL_Driver/Inc/stm32l0xx_ll_bus.h ****   *         APB1RSTR     DACRST         LL_APB1_GRP1_ReleaseReset\n
 617:Drivers/STM32L0xx_HAL_Driver/Inc/stm32l0xx_ll_bus.h ****   *         APB1RSTR     I2C3RST        LL_APB1_GRP1_ReleaseReset\n
 618:Drivers/STM32L0xx_HAL_Driver/Inc/stm32l0xx_ll_bus.h ****   *         APB1RSTR     LPTIM1RST      LL_APB1_GRP1_ReleaseReset
 619:Drivers/STM32L0xx_HAL_Driver/Inc/stm32l0xx_ll_bus.h ****   * @param  Periphs This parameter can be a combination of the following values:
 620:Drivers/STM32L0xx_HAL_Driver/Inc/stm32l0xx_ll_bus.h ****   *         @arg @ref LL_APB1_GRP1_PERIPH_ALL
 621:Drivers/STM32L0xx_HAL_Driver/Inc/stm32l0xx_ll_bus.h ****   *         @arg @ref LL_APB1_GRP1_PERIPH_TIM2
 622:Drivers/STM32L0xx_HAL_Driver/Inc/stm32l0xx_ll_bus.h ****   *         @arg @ref LL_APB1_GRP1_PERIPH_TIM3 (*)
 623:Drivers/STM32L0xx_HAL_Driver/Inc/stm32l0xx_ll_bus.h ****   *         @arg @ref LL_APB1_GRP1_PERIPH_TIM6 (*)
 624:Drivers/STM32L0xx_HAL_Driver/Inc/stm32l0xx_ll_bus.h ****   *         @arg @ref LL_APB1_GRP1_PERIPH_TIM7 (*)
 625:Drivers/STM32L0xx_HAL_Driver/Inc/stm32l0xx_ll_bus.h ****   *         @arg @ref LL_APB1_GRP1_PERIPH_LCD (*)
 626:Drivers/STM32L0xx_HAL_Driver/Inc/stm32l0xx_ll_bus.h ****   *         @arg @ref LL_APB1_GRP1_PERIPH_WWDG
 627:Drivers/STM32L0xx_HAL_Driver/Inc/stm32l0xx_ll_bus.h ****   *         @arg @ref LL_APB1_GRP1_PERIPH_SPI2 (*)
 628:Drivers/STM32L0xx_HAL_Driver/Inc/stm32l0xx_ll_bus.h ****   *         @arg @ref LL_APB1_GRP1_PERIPH_USART2
 629:Drivers/STM32L0xx_HAL_Driver/Inc/stm32l0xx_ll_bus.h ****   *         @arg @ref LL_APB1_GRP1_PERIPH_LPUART1
ARM GAS  C:\Users\Nathan\AppData\Local\Temp\cc09Fs34.s 			page 14


 630:Drivers/STM32L0xx_HAL_Driver/Inc/stm32l0xx_ll_bus.h ****   *         @arg @ref LL_APB1_GRP1_PERIPH_USART4 (*)
 631:Drivers/STM32L0xx_HAL_Driver/Inc/stm32l0xx_ll_bus.h ****   *         @arg @ref LL_APB1_GRP1_PERIPH_USART5 (*)
 632:Drivers/STM32L0xx_HAL_Driver/Inc/stm32l0xx_ll_bus.h ****   *         @arg @ref LL_APB1_GRP1_PERIPH_I2C1
 633:Drivers/STM32L0xx_HAL_Driver/Inc/stm32l0xx_ll_bus.h ****   *         @arg @ref LL_APB1_GRP1_PERIPH_I2C2 (*)
 634:Drivers/STM32L0xx_HAL_Driver/Inc/stm32l0xx_ll_bus.h ****   *         @arg @ref LL_APB1_GRP1_PERIPH_USB (*)
 635:Drivers/STM32L0xx_HAL_Driver/Inc/stm32l0xx_ll_bus.h ****   *         @arg @ref LL_APB1_GRP1_PERIPH_CRS (*)
 636:Drivers/STM32L0xx_HAL_Driver/Inc/stm32l0xx_ll_bus.h ****   *         @arg @ref LL_APB1_GRP1_PERIPH_PWR
 637:Drivers/STM32L0xx_HAL_Driver/Inc/stm32l0xx_ll_bus.h ****   *         @arg @ref LL_APB1_GRP1_PERIPH_DAC1 (*)
 638:Drivers/STM32L0xx_HAL_Driver/Inc/stm32l0xx_ll_bus.h ****   *         @arg @ref LL_APB1_GRP1_PERIPH_I2C3 (*)
 639:Drivers/STM32L0xx_HAL_Driver/Inc/stm32l0xx_ll_bus.h ****   *         @arg @ref LL_APB1_GRP1_PERIPH_LPTIM1
 640:Drivers/STM32L0xx_HAL_Driver/Inc/stm32l0xx_ll_bus.h ****   *
 641:Drivers/STM32L0xx_HAL_Driver/Inc/stm32l0xx_ll_bus.h ****   *         (*) value not defined in all devices.
 642:Drivers/STM32L0xx_HAL_Driver/Inc/stm32l0xx_ll_bus.h ****   * @retval None
 643:Drivers/STM32L0xx_HAL_Driver/Inc/stm32l0xx_ll_bus.h **** */
 644:Drivers/STM32L0xx_HAL_Driver/Inc/stm32l0xx_ll_bus.h **** __STATIC_INLINE void LL_APB1_GRP1_ReleaseReset(uint32_t Periphs)
  53              		.loc 2 644 22 view .LVU6
  54              	.LBB9:
 645:Drivers/STM32L0xx_HAL_Driver/Inc/stm32l0xx_ll_bus.h **** {
 646:Drivers/STM32L0xx_HAL_Driver/Inc/stm32l0xx_ll_bus.h ****   CLEAR_BIT(RCC->APB1RSTR, Periphs);
  55              		.loc 2 646 3 view .LVU7
  56 000c 9A6A     		ldr	r2, [r3, #40]
  57 000e 0349     		ldr	r1, .L2+4
  58 0010 0A40     		ands	r2, r1
  59 0012 9A62     		str	r2, [r3, #40]
  60              	.LVL2:
  61              		.loc 2 646 3 is_stmt 0 view .LVU8
  62              	.LBE9:
  63              	.LBE8:
  62:Drivers/STM32L0xx_HAL_Driver/Src/stm32l0xx_ll_pwr.c **** 
  63:Drivers/STM32L0xx_HAL_Driver/Src/stm32l0xx_ll_pwr.c ****   return SUCCESS;
  64              		.loc 1 63 3 is_stmt 1 view .LVU9
  64:Drivers/STM32L0xx_HAL_Driver/Src/stm32l0xx_ll_pwr.c **** }
  65              		.loc 1 64 1 is_stmt 0 view .LVU10
  66 0014 0020     		movs	r0, #0
  67              		@ sp needed
  68 0016 7047     		bx	lr
  69              	.L3:
  70              		.align	2
  71              	.L2:
  72 0018 00100240 		.word	1073876992
  73 001c FFFFFFEF 		.word	-268435457
  74              		.cfi_endproc
  75              	.LFE114:
  77              		.text
  78              	.Letext0:
  79              		.file 3 "c:\\developtools\\gcc-arm-none-eabi-10.3-2021.10\\arm-none-eabi\\include\\machine\\_defau
  80              		.file 4 "c:\\developtools\\gcc-arm-none-eabi-10.3-2021.10\\arm-none-eabi\\include\\sys\\_stdint.h"
  81              		.file 5 "Drivers/CMSIS/Device/ST/STM32L0xx/Include/stm32l051xx.h"
  82              		.file 6 "Drivers/CMSIS/Device/ST/STM32L0xx/Include/stm32l0xx.h"
ARM GAS  C:\Users\Nathan\AppData\Local\Temp\cc09Fs34.s 			page 15


DEFINED SYMBOLS
                            *ABS*:00000000 stm32l0xx_ll_pwr.c
C:\Users\Nathan\AppData\Local\Temp\cc09Fs34.s:18     .text.LL_PWR_DeInit:00000000 $t
C:\Users\Nathan\AppData\Local\Temp\cc09Fs34.s:24     .text.LL_PWR_DeInit:00000000 LL_PWR_DeInit
C:\Users\Nathan\AppData\Local\Temp\cc09Fs34.s:72     .text.LL_PWR_DeInit:00000018 $d

NO UNDEFINED SYMBOLS
